--------------------------------------------------------------------------------
Release 14.7 Trace  (nt64)
Copyright (c) 1995-2013 Xilinx, Inc.  All rights reserved.

C:\Xilinx\14.7\ISE_DS\ISE\bin\nt64\unwrapped\trce.exe -intstyle ise -v 3 -s 3
-n 3 -fastpaths -xml top_level_all.twx top_level_all.ncd -o top_level_all.twr
top_level_all.pcf -ucf memory_top_level.ucf

Design file:              top_level_all.ncd
Physical constraint file: top_level_all.pcf
Device,package,speed:     xc7a100t,csg324,C,-3 (PRODUCTION 1.10 2013-10-13)
Report level:             verbose report

Environment Variable      Effect 
--------------------      ------ 
NONE                      No environment variables were set
--------------------------------------------------------------------------------

INFO:Timing:2698 - No timing constraints found, doing default enumeration.
INFO:Timing:3412 - To improve timing, see the Timing Closure User Guide (UG612).
INFO:Timing:2752 - To get complete path coverage, use the unconstrained paths 
   option. All paths that are not constrained will be reported in the 
   unconstrained paths section(s) of the report.
INFO:Timing:3339 - The clock-to-out numbers in this timing report are based on 
   a 50 Ohm transmission line loading model.  For the details of this model, 
   and for more information on accounting for different loading conditions, 
   please see the device datasheet.



Data Sheet report:
-----------------
All values displayed in nanoseconds (ns)

Setup/Hold to clock clk
------------+------------+------------+------------+------------+------------------+--------+
            |Max Setup to|  Process   |Max Hold to |  Process   |                  | Clock  |
Source      | clk (edge) |   Corner   | clk (edge) |   Corner   |Internal Clock(s) | Phase  |
------------+------------+------------+------------+------------+------------------+--------+
din<0>      |    0.184(R)|      FAST  |    2.355(R)|      SLOW  |clk_BUFGP         |   0.000|
din<1>      |    0.043(R)|      FAST  |    2.539(R)|      SLOW  |clk_BUFGP         |   0.000|
din<2>      |   -0.012(R)|      FAST  |    2.619(R)|      SLOW  |clk_BUFGP         |   0.000|
din<3>      |   -0.097(R)|      FAST  |    2.706(R)|      SLOW  |clk_BUFGP         |   0.000|
din<4>      |   -0.075(R)|      FAST  |    2.688(R)|      SLOW  |clk_BUFGP         |   0.000|
din<5>      |   -0.071(R)|      FAST  |    2.699(R)|      SLOW  |clk_BUFGP         |   0.000|
din<6>      |    0.079(R)|      FAST  |    2.470(R)|      SLOW  |clk_BUFGP         |   0.000|
din<7>      |    0.071(R)|      FAST  |    2.479(R)|      SLOW  |clk_BUFGP         |   0.000|
din<8>      |    0.802(R)|      FAST  |    2.091(R)|      SLOW  |clk_BUFGP         |   0.000|
din<9>      |    0.800(R)|      FAST  |    2.073(R)|      SLOW  |clk_BUFGP         |   0.000|
din<10>     |    0.032(R)|      FAST  |    2.564(R)|      SLOW  |clk_BUFGP         |   0.000|
din<11>     |    0.157(R)|      FAST  |    2.372(R)|      SLOW  |clk_BUFGP         |   0.000|
din<12>     |    0.997(R)|      FAST  |    1.259(R)|      SLOW  |clk_BUFGP         |   0.000|
din<13>     |    0.138(R)|      FAST  |    2.421(R)|      SLOW  |clk_BUFGP         |   0.000|
din<14>     |    0.171(R)|      FAST  |    2.377(R)|      SLOW  |clk_BUFGP         |   0.000|
din<15>     |    0.215(R)|      FAST  |    2.318(R)|      SLOW  |clk_BUFGP         |   0.000|
rst         |    0.092(R)|      FAST  |    1.937(R)|      SLOW  |clk_BUFGP         |   0.000|
------------+------------+------------+------------+------------+------------------+--------+

Clock clk to Pad
------------+-----------------+------------+-----------------+------------+------------------+--------+
            |Max (slowest) clk|  Process   |Min (fastest) clk|  Process   |                  | Clock  |
Destination |  (edge) to PAD  |   Corner   |  (edge) to PAD  |   Corner   |Internal Clock(s) | Phase  |
------------+-----------------+------------+-----------------+------------+------------------+--------+
a0          |        10.744(R)|      SLOW  |         4.160(R)|      FAST  |clk_BUFGP         |   0.000|
a1          |        10.580(R)|      SLOW  |         4.108(R)|      FAST  |clk_BUFGP         |   0.000|
a2          |        10.659(R)|      SLOW  |         4.142(R)|      FAST  |clk_BUFGP         |   0.000|
a3          |        10.340(R)|      SLOW  |         3.986(R)|      FAST  |clk_BUFGP         |   0.000|
a4          |         9.940(R)|      SLOW  |         3.757(R)|      FAST  |clk_BUFGP         |   0.000|
a5          |        10.011(R)|      SLOW  |         3.834(R)|      FAST  |clk_BUFGP         |   0.000|
a6          |        12.159(R)|      SLOW  |         4.952(R)|      FAST  |clk_BUFGP         |   0.000|
a7          |        10.715(R)|      SLOW  |         4.217(R)|      FAST  |clk_BUFGP         |   0.000|
disp<0>     |        13.478(R)|      SLOW  |         4.574(R)|      FAST  |clk_BUFGP         |   0.000|
disp<1>     |        13.299(R)|      SLOW  |         4.562(R)|      FAST  |clk_BUFGP         |   0.000|
disp<2>     |        12.997(R)|      SLOW  |         4.339(R)|      FAST  |clk_BUFGP         |   0.000|
disp<3>     |        13.389(R)|      SLOW  |         4.704(R)|      FAST  |clk_BUFGP         |   0.000|
disp<4>     |        13.369(R)|      SLOW  |         4.530(R)|      FAST  |clk_BUFGP         |   0.000|
disp<5>     |        13.320(R)|      SLOW  |         4.712(R)|      FAST  |clk_BUFGP         |   0.000|
disp<6>     |        13.579(R)|      SLOW  |         4.819(R)|      FAST  |clk_BUFGP         |   0.000|
------------+-----------------+------------+-----------------+------------+------------------+--------+

Clock to Setup on destination clock clk
---------------+---------+---------+---------+---------+
               | Src:Rise| Src:Fall| Src:Rise| Src:Fall|
Source Clock   |Dest:Rise|Dest:Rise|Dest:Fall|Dest:Fall|
---------------+---------+---------+---------+---------+
clk            |    3.737|         |         |         |
---------------+---------+---------+---------+---------+


Analysis completed Sun Oct 15 20:11:10 2017 
--------------------------------------------------------------------------------

Trace Settings:
-------------------------
Trace Settings 

Peak Memory Usage: 672 MB



