Release 14.7 - xst P.20131013 (nt64)
Copyright (c) 1995-2013 Xilinx, Inc.  All rights reserved.
--> Parameter TMPDIR set to xst/projnav.tmp


Total REAL time to Xst completion: 0.00 secs
Total CPU time to Xst completion: 0.08 secs
 
--> Parameter xsthdpdir set to xst


Total REAL time to Xst completion: 0.00 secs
Total CPU time to Xst completion: 0.08 secs
 
--> Reading design: top_level_lab8.prj

TABLE OF CONTENTS
  1) Synthesis Options Summary
  2) HDL Parsing
  3) HDL Elaboration
  4) HDL Synthesis
       4.1) HDL Synthesis Report
  5) Advanced HDL Synthesis
       5.1) Advanced HDL Synthesis Report
  6) Low Level Synthesis
  7) Partition Report
  8) Design Summary
       8.1) Primitive and Black Box Usage
       8.2) Device utilization summary
       8.3) Partition Resource Summary
       8.4) Timing Report
            8.4.1) Clock Information
            8.4.2) Asynchronous Control Signals Information
            8.4.3) Timing Summary
            8.4.4) Timing Details
            8.4.5) Cross Clock Domains Report


=========================================================================
*                      Synthesis Options Summary                        *
=========================================================================
---- Source Parameters
Input File Name                    : "top_level_lab8.prj"
Ignore Synthesis Constraint File   : NO

---- Target Parameters
Output File Name                   : "top_level_lab8"
Output Format                      : NGC
Target Device                      : xc7a100t-3-csg324

---- Source Options
Top Module Name                    : top_level_lab8
Automatic FSM Extraction           : YES
FSM Encoding Algorithm             : Auto
Safe Implementation                : No
FSM Style                          : LUT
RAM Extraction                     : Yes
RAM Style                          : Auto
ROM Extraction                     : Yes
Shift Register Extraction          : YES
ROM Style                          : Auto
Resource Sharing                   : YES
Asynchronous To Synchronous        : NO
Shift Register Minimum Size        : 2
Use DSP Block                      : Auto
Automatic Register Balancing       : No

---- Target Options
LUT Combining                      : Auto
Reduce Control Sets                : Auto
Add IO Buffers                     : YES
Global Maximum Fanout              : 100000
Add Generic Clock Buffer(BUFG)     : 32
Register Duplication               : YES
Optimize Instantiated Primitives   : NO
Use Clock Enable                   : Auto
Use Synchronous Set                : Auto
Use Synchronous Reset              : Auto
Pack IO Registers into IOBs        : Auto
Equivalent register Removal        : YES

---- General Options
Optimization Goal                  : Speed
Optimization Effort                : 1
Power Reduction                    : NO
Keep Hierarchy                     : No
Netlist Hierarchy                  : As_Optimized
RTL Output                         : Yes
Global Optimization                : AllClockNets
Read Cores                         : YES
Write Timing Constraints           : NO
Cross Clock Analysis               : NO
Hierarchy Separator                : /
Bus Delimiter                      : <>
Case Specifier                     : Maintain
Slice Utilization Ratio            : 100
BRAM Utilization Ratio             : 100
DSP48 Utilization Ratio            : 100
Auto BRAM Packing                  : NO
Slice Utilization Ratio Delta      : 5

---- Other Options
Cores Search Directories           : {"ipcore_dir"  }

=========================================================================


=========================================================================
*                          HDL Parsing                                  *
=========================================================================
Analyzing Verilog file "C:\Users\Jesus\Documents\Xilinx_Files\CPU\RISC_Processor\reg16.v" into library work
Parsing module <reg16>.
Analyzing Verilog file "C:\Users\Jesus\Documents\Xilinx_Files\CPU\RISC_Processor\decoder3to8.v" into library work
Parsing module <decoder3to8>.
Analyzing Verilog file "C:\Users\Jesus\Documents\Xilinx_Files\CPU\RISC_Processor\Register_File.v" into library work
Parsing module <Register_File>.
Analyzing Verilog file "C:\Users\Jesus\Documents\Xilinx_Files\CPU\RISC_Processor\alu16.v" into library work
Parsing module <alu16>.
Analyzing Verilog file "C:\Users\Jesus\Documents\Xilinx_Files\CPU\RISC_Processor\reg16_L_Inc.v" into library work
Parsing module <reg16_L_Inc>.
Analyzing Verilog file "C:\Users\Jesus\Documents\Xilinx_Files\CPU\RISC_Processor\IDP.v" into library work
Parsing module <IDP>.
Analyzing Verilog file "C:\Users\Jesus\Documents\Xilinx_Files\CPU\RISC_Processor\pixel_controller.v" into library work
Parsing module <pixel_controller>.
Analyzing Verilog file "C:\Users\Jesus\Documents\Xilinx_Files\CPU\RISC_Processor\pixel_clk.v" into library work
Parsing module <pixel_clk>.
Analyzing Verilog file "C:\Users\Jesus\Documents\Xilinx_Files\CPU\RISC_Processor\one_shot.v" into library work
Parsing module <one_shot>.
Analyzing Verilog file "C:\Users\Jesus\Documents\Xilinx_Files\CPU\RISC_Processor\ipcore_dir\ram_256x16.v" into library work
Parsing module <ram_256x16>.
Analyzing Verilog file "C:\Users\Jesus\Documents\Xilinx_Files\CPU\RISC_Processor\hexto7segment.v" into library work
Parsing module <hexto7segment>.
Analyzing Verilog file "C:\Users\Jesus\Documents\Xilinx_Files\CPU\RISC_Processor\cu.v" into library work
Parsing module <cu>.
Analyzing Verilog file "C:\Users\Jesus\Documents\Xilinx_Files\CPU\RISC_Processor\CPU_EU.v" into library work
Parsing module <CPU_EU>.
Analyzing Verilog file "C:\Users\Jesus\Documents\Xilinx_Files\CPU\RISC_Processor\clk_500Hz.v" into library work
Parsing module <clk_500Hz>.
Analyzing Verilog file "C:\Users\Jesus\Documents\Xilinx_Files\CPU\RISC_Processor\ad_mux.v" into library work
Parsing module <ad_mux>.
Analyzing Verilog file "C:\Users\Jesus\Documents\Xilinx_Files\CPU\RISC_Processor\RISC_PROCESSOR.v" into library work
Parsing module <RISC_PROCESSOR>.
Analyzing Verilog file "C:\Users\Jesus\Documents\Xilinx_Files\CPU\RISC_Processor\ram7.v" into library work
Parsing module <ram>.
Analyzing Verilog file "C:\Users\Jesus\Documents\Xilinx_Files\CPU\RISC_Processor\Display_Controller.v" into library work
Parsing module <Display_Controller>.
Analyzing Verilog file "C:\Users\Jesus\Documents\Xilinx_Files\CPU\RISC_Processor\debounce.v" into library work
Parsing module <debounce>.
Analyzing Verilog file "C:\Users\Jesus\Documents\Xilinx_Files\CPU\RISC_Processor\top_level_lab8.v" into library work
Parsing module <top_level_lab8>.

=========================================================================
*                            HDL Elaboration                            *
=========================================================================

Elaborating module <top_level_lab8>.

Elaborating module <debounce>.

Elaborating module <clk_500Hz>.

Elaborating module <one_shot>.

Elaborating module <RISC_PROCESSOR>.

Elaborating module <cu>.
WARNING:HDLCompiler:91 - "C:\Users\Jesus\Documents\Xilinx_Files\CPU\RISC_Processor\cu.v" Line 118: Signal <ps_N> missing in the sensitivity list is added for synthesis purposes. HDL and post-synthesis simulations may differ as a result.
WARNING:HDLCompiler:91 - "C:\Users\Jesus\Documents\Xilinx_Files\CPU\RISC_Processor\cu.v" Line 138: Signal <ps_N> missing in the sensitivity list is added for synthesis purposes. HDL and post-synthesis simulations may differ as a result.
WARNING:HDLCompiler:91 - "C:\Users\Jesus\Documents\Xilinx_Files\CPU\RISC_Processor\cu.v" Line 141: Signal <IR> missing in the sensitivity list is added for synthesis purposes. HDL and post-synthesis simulations may differ as a result.
WARNING:HDLCompiler:91 - "C:\Users\Jesus\Documents\Xilinx_Files\CPU\RISC_Processor\cu.v" Line 164: Signal <IR> missing in the sensitivity list is added for synthesis purposes. HDL and post-synthesis simulations may differ as a result.
WARNING:HDLCompiler:91 - "C:\Users\Jesus\Documents\Xilinx_Files\CPU\RISC_Processor\cu.v" Line 165: Signal <IR> missing in the sensitivity list is added for synthesis purposes. HDL and post-synthesis simulations may differ as a result.
WARNING:HDLCompiler:91 - "C:\Users\Jesus\Documents\Xilinx_Files\CPU\RISC_Processor\cu.v" Line 166: Signal <IR> missing in the sensitivity list is added for synthesis purposes. HDL and post-synthesis simulations may differ as a result.
WARNING:HDLCompiler:91 - "C:\Users\Jesus\Documents\Xilinx_Files\CPU\RISC_Processor\cu.v" Line 176: Signal <N> missing in the sensitivity list is added for synthesis purposes. HDL and post-synthesis simulations may differ as a result.
WARNING:HDLCompiler:91 - "C:\Users\Jesus\Documents\Xilinx_Files\CPU\RISC_Processor\cu.v" Line 177: Signal <ps_N> missing in the sensitivity list is added for synthesis purposes. HDL and post-synthesis simulations may differ as a result.
WARNING:HDLCompiler:91 - "C:\Users\Jesus\Documents\Xilinx_Files\CPU\RISC_Processor\cu.v" Line 184: Signal <IR> missing in the sensitivity list is added for synthesis purposes. HDL and post-synthesis simulations may differ as a result.
WARNING:HDLCompiler:91 - "C:\Users\Jesus\Documents\Xilinx_Files\CPU\RISC_Processor\cu.v" Line 185: Signal <IR> missing in the sensitivity list is added for synthesis purposes. HDL and post-synthesis simulations may differ as a result.
WARNING:HDLCompiler:91 - "C:\Users\Jesus\Documents\Xilinx_Files\CPU\RISC_Processor\cu.v" Line 186: Signal <IR> missing in the sensitivity list is added for synthesis purposes. HDL and post-synthesis simulations may differ as a result.
WARNING:HDLCompiler:91 - "C:\Users\Jesus\Documents\Xilinx_Files\CPU\RISC_Processor\cu.v" Line 196: Signal <N> missing in the sensitivity list is added for synthesis purposes. HDL and post-synthesis simulations may differ as a result.
WARNING:HDLCompiler:91 - "C:\Users\Jesus\Documents\Xilinx_Files\CPU\RISC_Processor\cu.v" Line 197: Signal <ps_N> missing in the sensitivity list is added for synthesis purposes. HDL and post-synthesis simulations may differ as a result.
WARNING:HDLCompiler:91 - "C:\Users\Jesus\Documents\Xilinx_Files\CPU\RISC_Processor\cu.v" Line 205: Signal <IR> missing in the sensitivity list is added for synthesis purposes. HDL and post-synthesis simulations may differ as a result.
WARNING:HDLCompiler:91 - "C:\Users\Jesus\Documents\Xilinx_Files\CPU\RISC_Processor\cu.v" Line 206: Signal <IR> missing in the sensitivity list is added for synthesis purposes. HDL and post-synthesis simulations may differ as a result.
WARNING:HDLCompiler:91 - "C:\Users\Jesus\Documents\Xilinx_Files\CPU\RISC_Processor\cu.v" Line 216: Signal <N> missing in the sensitivity list is added for synthesis purposes. HDL and post-synthesis simulations may differ as a result.
WARNING:HDLCompiler:91 - "C:\Users\Jesus\Documents\Xilinx_Files\CPU\RISC_Processor\cu.v" Line 217: Signal <ps_N> missing in the sensitivity list is added for synthesis purposes. HDL and post-synthesis simulations may differ as a result.
WARNING:HDLCompiler:91 - "C:\Users\Jesus\Documents\Xilinx_Files\CPU\RISC_Processor\cu.v" Line 224: Signal <IR> missing in the sensitivity list is added for synthesis purposes. HDL and post-synthesis simulations may differ as a result.
WARNING:HDLCompiler:91 - "C:\Users\Jesus\Documents\Xilinx_Files\CPU\RISC_Processor\cu.v" Line 226: Signal <IR> missing in the sensitivity list is added for synthesis purposes. HDL and post-synthesis simulations may differ as a result.
WARNING:HDLCompiler:91 - "C:\Users\Jesus\Documents\Xilinx_Files\CPU\RISC_Processor\cu.v" Line 236: Signal <ps_N> missing in the sensitivity list is added for synthesis purposes. HDL and post-synthesis simulations may differ as a result.
WARNING:HDLCompiler:91 - "C:\Users\Jesus\Documents\Xilinx_Files\CPU\RISC_Processor\cu.v" Line 237: Signal <ps_N> missing in the sensitivity list is added for synthesis purposes. HDL and post-synthesis simulations may differ as a result.
WARNING:HDLCompiler:91 - "C:\Users\Jesus\Documents\Xilinx_Files\CPU\RISC_Processor\cu.v" Line 244: Signal <IR> missing in the sensitivity list is added for synthesis purposes. HDL and post-synthesis simulations may differ as a result.
WARNING:HDLCompiler:91 - "C:\Users\Jesus\Documents\Xilinx_Files\CPU\RISC_Processor\cu.v" Line 246: Signal <IR> missing in the sensitivity list is added for synthesis purposes. HDL and post-synthesis simulations may differ as a result.
WARNING:HDLCompiler:91 - "C:\Users\Jesus\Documents\Xilinx_Files\CPU\RISC_Processor\cu.v" Line 256: Signal <N> missing in the sensitivity list is added for synthesis purposes. HDL and post-synthesis simulations may differ as a result.
WARNING:HDLCompiler:91 - "C:\Users\Jesus\Documents\Xilinx_Files\CPU\RISC_Processor\cu.v" Line 257: Signal <ps_N> missing in the sensitivity list is added for synthesis purposes. HDL and post-synthesis simulations may differ as a result.
WARNING:HDLCompiler:91 - "C:\Users\Jesus\Documents\Xilinx_Files\CPU\RISC_Processor\cu.v" Line 264: Signal <IR> missing in the sensitivity list is added for synthesis purposes. HDL and post-synthesis simulations may differ as a result.
WARNING:HDLCompiler:91 - "C:\Users\Jesus\Documents\Xilinx_Files\CPU\RISC_Processor\cu.v" Line 266: Signal <IR> missing in the sensitivity list is added for synthesis purposes. HDL and post-synthesis simulations may differ as a result.
WARNING:HDLCompiler:91 - "C:\Users\Jesus\Documents\Xilinx_Files\CPU\RISC_Processor\cu.v" Line 276: Signal <N> missing in the sensitivity list is added for synthesis purposes. HDL and post-synthesis simulations may differ as a result.
WARNING:HDLCompiler:91 - "C:\Users\Jesus\Documents\Xilinx_Files\CPU\RISC_Processor\cu.v" Line 277: Signal <ps_N> missing in the sensitivity list is added for synthesis purposes. HDL and post-synthesis simulations may differ as a result.
WARNING:HDLCompiler:91 - "C:\Users\Jesus\Documents\Xilinx_Files\CPU\RISC_Processor\cu.v" Line 284: Signal <IR> missing in the sensitivity list is added for synthesis purposes. HDL and post-synthesis simulations may differ as a result.
WARNING:HDLCompiler:91 - "C:\Users\Jesus\Documents\Xilinx_Files\CPU\RISC_Processor\cu.v" Line 286: Signal <IR> missing in the sensitivity list is added for synthesis purposes. HDL and post-synthesis simulations may differ as a result.
WARNING:HDLCompiler:91 - "C:\Users\Jesus\Documents\Xilinx_Files\CPU\RISC_Processor\cu.v" Line 296: Signal <N> missing in the sensitivity list is added for synthesis purposes. HDL and post-synthesis simulations may differ as a result.
WARNING:HDLCompiler:91 - "C:\Users\Jesus\Documents\Xilinx_Files\CPU\RISC_Processor\cu.v" Line 297: Signal <ps_N> missing in the sensitivity list is added for synthesis purposes. HDL and post-synthesis simulations may differ as a result.
WARNING:HDLCompiler:91 - "C:\Users\Jesus\Documents\Xilinx_Files\CPU\RISC_Processor\cu.v" Line 304: Signal <IR> missing in the sensitivity list is added for synthesis purposes. HDL and post-synthesis simulations may differ as a result.
WARNING:HDLCompiler:91 - "C:\Users\Jesus\Documents\Xilinx_Files\CPU\RISC_Processor\cu.v" Line 306: Signal <IR> missing in the sensitivity list is added for synthesis purposes. HDL and post-synthesis simulations may differ as a result.
WARNING:HDLCompiler:91 - "C:\Users\Jesus\Documents\Xilinx_Files\CPU\RISC_Processor\cu.v" Line 316: Signal <N> missing in the sensitivity list is added for synthesis purposes. HDL and post-synthesis simulations may differ as a result.
WARNING:HDLCompiler:91 - "C:\Users\Jesus\Documents\Xilinx_Files\CPU\RISC_Processor\cu.v" Line 317: Signal <ps_N> missing in the sensitivity list is added for synthesis purposes. HDL and post-synthesis simulations may differ as a result.
WARNING:HDLCompiler:91 - "C:\Users\Jesus\Documents\Xilinx_Files\CPU\RISC_Processor\cu.v" Line 324: Signal <IR> missing in the sensitivity list is added for synthesis purposes. HDL and post-synthesis simulations may differ as a result.
WARNING:HDLCompiler:91 - "C:\Users\Jesus\Documents\Xilinx_Files\CPU\RISC_Processor\cu.v" Line 325: Signal <IR> missing in the sensitivity list is added for synthesis purposes. HDL and post-synthesis simulations may differ as a result.
WARNING:HDLCompiler:91 - "C:\Users\Jesus\Documents\Xilinx_Files\CPU\RISC_Processor\cu.v" Line 336: Signal <ps_N> missing in the sensitivity list is added for synthesis purposes. HDL and post-synthesis simulations may differ as a result.
WARNING:HDLCompiler:91 - "C:\Users\Jesus\Documents\Xilinx_Files\CPU\RISC_Processor\cu.v" Line 337: Signal <ps_N> missing in the sensitivity list is added for synthesis purposes. HDL and post-synthesis simulations may differ as a result.
WARNING:HDLCompiler:91 - "C:\Users\Jesus\Documents\Xilinx_Files\CPU\RISC_Processor\cu.v" Line 345: Signal <IR> missing in the sensitivity list is added for synthesis purposes. HDL and post-synthesis simulations may differ as a result.
WARNING:HDLCompiler:91 - "C:\Users\Jesus\Documents\Xilinx_Files\CPU\RISC_Processor\cu.v" Line 346: Signal <IR> missing in the sensitivity list is added for synthesis purposes. HDL and post-synthesis simulations may differ as a result.
WARNING:HDLCompiler:91 - "C:\Users\Jesus\Documents\Xilinx_Files\CPU\RISC_Processor\cu.v" Line 356: Signal <ps_N> missing in the sensitivity list is added for synthesis purposes. HDL and post-synthesis simulations may differ as a result.
WARNING:HDLCompiler:91 - "C:\Users\Jesus\Documents\Xilinx_Files\CPU\RISC_Processor\cu.v" Line 357: Signal <ps_N> missing in the sensitivity list is added for synthesis purposes. HDL and post-synthesis simulations may differ as a result.
WARNING:HDLCompiler:91 - "C:\Users\Jesus\Documents\Xilinx_Files\CPU\RISC_Processor\cu.v" Line 364: Signal <IR> missing in the sensitivity list is added for synthesis purposes. HDL and post-synthesis simulations may differ as a result.
WARNING:HDLCompiler:91 - "C:\Users\Jesus\Documents\Xilinx_Files\CPU\RISC_Processor\cu.v" Line 376: Signal <ps_N> missing in the sensitivity list is added for synthesis purposes. HDL and post-synthesis simulations may differ as a result.
WARNING:HDLCompiler:91 - "C:\Users\Jesus\Documents\Xilinx_Files\CPU\RISC_Processor\cu.v" Line 377: Signal <ps_N> missing in the sensitivity list is added for synthesis purposes. HDL and post-synthesis simulations may differ as a result.
WARNING:HDLCompiler:91 - "C:\Users\Jesus\Documents\Xilinx_Files\CPU\RISC_Processor\cu.v" Line 390: Signal <ps_Z> missing in the sensitivity list is added for synthesis purposes. HDL and post-synthesis simulations may differ as a result.
WARNING:HDLCompiler:91 - "C:\Users\Jesus\Documents\Xilinx_Files\CPU\RISC_Processor\cu.v" Line 401: Signal <ps_N> missing in the sensitivity list is added for synthesis purposes. HDL and post-synthesis simulations may differ as a result.
WARNING:HDLCompiler:91 - "C:\Users\Jesus\Documents\Xilinx_Files\CPU\RISC_Processor\cu.v" Line 402: Signal <ps_N> missing in the sensitivity list is added for synthesis purposes. HDL and post-synthesis simulations may differ as a result.
WARNING:HDLCompiler:91 - "C:\Users\Jesus\Documents\Xilinx_Files\CPU\RISC_Processor\cu.v" Line 414: Signal <ps_Z> missing in the sensitivity list is added for synthesis purposes. HDL and post-synthesis simulations may differ as a result.
WARNING:HDLCompiler:91 - "C:\Users\Jesus\Documents\Xilinx_Files\CPU\RISC_Processor\cu.v" Line 424: Signal <ps_N> missing in the sensitivity list is added for synthesis purposes. HDL and post-synthesis simulations may differ as a result.
WARNING:HDLCompiler:91 - "C:\Users\Jesus\Documents\Xilinx_Files\CPU\RISC_Processor\cu.v" Line 425: Signal <ps_N> missing in the sensitivity list is added for synthesis purposes. HDL and post-synthesis simulations may differ as a result.
WARNING:HDLCompiler:91 - "C:\Users\Jesus\Documents\Xilinx_Files\CPU\RISC_Processor\cu.v" Line 437: Signal <ps_C> missing in the sensitivity list is added for synthesis purposes. HDL and post-synthesis simulations may differ as a result.
WARNING:HDLCompiler:91 - "C:\Users\Jesus\Documents\Xilinx_Files\CPU\RISC_Processor\cu.v" Line 447: Signal <ps_N> missing in the sensitivity list is added for synthesis purposes. HDL and post-synthesis simulations may differ as a result.
WARNING:HDLCompiler:91 - "C:\Users\Jesus\Documents\Xilinx_Files\CPU\RISC_Processor\cu.v" Line 448: Signal <ps_N> missing in the sensitivity list is added for synthesis purposes. HDL and post-synthesis simulations may differ as a result.
WARNING:HDLCompiler:91 - "C:\Users\Jesus\Documents\Xilinx_Files\CPU\RISC_Processor\cu.v" Line 467: Signal <ps_N> missing in the sensitivity list is added for synthesis purposes. HDL and post-synthesis simulations may differ as a result.
WARNING:HDLCompiler:91 - "C:\Users\Jesus\Documents\Xilinx_Files\CPU\RISC_Processor\cu.v" Line 468: Signal <ps_N> missing in the sensitivity list is added for synthesis purposes. HDL and post-synthesis simulations may differ as a result.
WARNING:HDLCompiler:91 - "C:\Users\Jesus\Documents\Xilinx_Files\CPU\RISC_Processor\cu.v" Line 487: Signal <ps_N> missing in the sensitivity list is added for synthesis purposes. HDL and post-synthesis simulations may differ as a result.
WARNING:HDLCompiler:91 - "C:\Users\Jesus\Documents\Xilinx_Files\CPU\RISC_Processor\cu.v" Line 488: Signal <ps_N> missing in the sensitivity list is added for synthesis purposes. HDL and post-synthesis simulations may differ as a result.
WARNING:HDLCompiler:91 - "C:\Users\Jesus\Documents\Xilinx_Files\CPU\RISC_Processor\cu.v" Line 507: Signal <ps_N> missing in the sensitivity list is added for synthesis purposes. HDL and post-synthesis simulations may differ as a result.
WARNING:HDLCompiler:91 - "C:\Users\Jesus\Documents\Xilinx_Files\CPU\RISC_Processor\cu.v" Line 525: Signal <ps_N> missing in the sensitivity list is added for synthesis purposes. HDL and post-synthesis simulations may differ as a result.

Elaborating module <CPU_EU>.

Elaborating module <IDP>.

Elaborating module <Register_File>.

Elaborating module <decoder3to8>.

Elaborating module <reg16>.

Elaborating module <alu16>.
WARNING:HDLCompiler:413 - "C:\Users\Jesus\Documents\Xilinx_Files\CPU\RISC_Processor\alu16.v" Line 30: Result of 32-bit expression is truncated to fit in 17-bit target.
WARNING:HDLCompiler:413 - "C:\Users\Jesus\Documents\Xilinx_Files\CPU\RISC_Processor\alu16.v" Line 46: Result of 32-bit expression is truncated to fit in 17-bit target.

Elaborating module <reg16_L_Inc>.
WARNING:HDLCompiler:413 - "C:\Users\Jesus\Documents\Xilinx_Files\CPU\RISC_Processor\reg16_L_Inc.v" Line 35: Result of 17-bit expression is truncated to fit in 16-bit target.

Elaborating module <ram>.

Elaborating module <ram_256x16>.
WARNING:HDLCompiler:1499 - "C:\Users\Jesus\Documents\Xilinx_Files\CPU\RISC_Processor\ipcore_dir\ram_256x16.v" Line 39: Empty module <ram_256x16> remains a black box.

Elaborating module <Display_Controller>.

Elaborating module <pixel_clk>.

Elaborating module <pixel_controller>.

Elaborating module <ad_mux>.

Elaborating module <hexto7segment>.

=========================================================================
*                           HDL Synthesis                               *
=========================================================================

Synthesizing Unit <top_level_lab8>.
    Related source file is "C:\Users\Jesus\Documents\Xilinx_Files\CPU\RISC_Processor\top_level_lab8.v".
    Summary:
	inferred   1 Multiplexer(s).
Unit <top_level_lab8> synthesized.

Synthesizing Unit <debounce>.
    Related source file is "C:\Users\Jesus\Documents\Xilinx_Files\CPU\RISC_Processor\debounce.v".
    Summary:
	no macro.
Unit <debounce> synthesized.

Synthesizing Unit <clk_500Hz>.
    Related source file is "C:\Users\Jesus\Documents\Xilinx_Files\CPU\RISC_Processor\clk_500Hz.v".
    Found 32-bit register for signal <i>.
    Found 1-bit register for signal <clk_out>.
    Found 32-bit adder for signal <i[31]_GND_3_o_add_1_OUT> created at line 41.
    Found 32-bit comparator greater for signal <n0002> created at line 44
    Summary:
	inferred   1 Adder/Subtractor(s).
	inferred  33 D-type flip-flop(s).
	inferred   1 Comparator(s).
	inferred   1 Multiplexer(s).
Unit <clk_500Hz> synthesized.

Synthesizing Unit <one_shot>.
    Related source file is "C:\Users\Jesus\Documents\Xilinx_Files\CPU\RISC_Processor\one_shot.v".
    Found 1-bit register for signal <q1>.
    Found 1-bit register for signal <q2>.
    Found 1-bit register for signal <q3>.
    Found 1-bit register for signal <q4>.
    Found 1-bit register for signal <q5>.
    Found 1-bit register for signal <q6>.
    Found 1-bit register for signal <q7>.
    Found 1-bit register for signal <q8>.
    Found 1-bit register for signal <q9>.
    Found 1-bit register for signal <q0>.
    Summary:
	inferred  10 D-type flip-flop(s).
Unit <one_shot> synthesized.

Synthesizing Unit <RISC_PROCESSOR>.
    Related source file is "C:\Users\Jesus\Documents\Xilinx_Files\CPU\RISC_Processor\RISC_PROCESSOR.v".
    Summary:
	no macro.
Unit <RISC_PROCESSOR> synthesized.

Synthesizing Unit <cu>.
    Related source file is "C:\Users\Jesus\Documents\Xilinx_Files\CPU\RISC_Processor\cu.v".
        RESET = 0
        FETCH = 1
        DECODE = 2
        ADD = 3
        SUB = 4
        CMP = 5
        MOV = 6
        INC = 7
        DEC = 8
        SHL = 9
        SHR = 10
        LD = 11
        STO = 12
        LDI = 13
        JE = 14
        JNE = 15
        JC = 16
        JMP = 17
        HALT = 18
        ILLEGAL_OP = 31
    Found 5-bit register for signal <state>.
    Found 1-bit register for signal <ps_C>.
    Found 1-bit register for signal <ps_Z>.
    Found 1-bit register for signal <ps_N>.
    Found finite state machine <FSM_0> for signal <state>.
    -----------------------------------------------------------------------
    | States             | 20                                             |
    | Transitions        | 36                                             |
    | Inputs             | 5                                              |
    | Outputs            | 14                                             |
    | Clock              | clk (rising_edge)                              |
    | Reset              | reset (positive)                               |
    | Reset type         | asynchronous                                   |
    | Reset State        | 00000                                          |
    | Encoding           | auto                                           |
    | Implementation     | LUT                                            |
    -----------------------------------------------------------------------
    Found 8-bit 22-to-1 multiplexer for signal <status> created at line 83.
    Summary:
	inferred   3 D-type flip-flop(s).
	inferred  18 Multiplexer(s).
	inferred   1 Finite State Machine(s).
Unit <cu> synthesized.

Synthesizing Unit <CPU_EU>.
    Related source file is "C:\Users\Jesus\Documents\Xilinx_Files\CPU\RISC_Processor\CPU_EU.v".
    Found 16-bit adder for signal <branch_address> created at line 54.
    Summary:
	inferred   1 Adder/Subtractor(s).
	inferred   2 Multiplexer(s).
Unit <CPU_EU> synthesized.

Synthesizing Unit <IDP>.
    Related source file is "C:\Users\Jesus\Documents\Xilinx_Files\CPU\RISC_Processor\IDP.v".
    Summary:
	inferred   1 Multiplexer(s).
Unit <IDP> synthesized.

Synthesizing Unit <Register_File>.
    Related source file is "C:\Users\Jesus\Documents\Xilinx_Files\CPU\RISC_Processor\Register_File.v".
    Summary:
	no macro.
Unit <Register_File> synthesized.

Synthesizing Unit <decoder3to8>.
    Related source file is "C:\Users\Jesus\Documents\Xilinx_Files\CPU\RISC_Processor\decoder3to8.v".
    Summary:
	inferred   8 Multiplexer(s).
Unit <decoder3to8> synthesized.

Synthesizing Unit <reg16>.
    Related source file is "C:\Users\Jesus\Documents\Xilinx_Files\CPU\RISC_Processor\reg16.v".
    Found 16-bit register for signal <Dout>.
    Found 1-bit tristate buffer for signal <DA<15>> created at line 39
    Found 1-bit tristate buffer for signal <DA<14>> created at line 39
    Found 1-bit tristate buffer for signal <DA<13>> created at line 39
    Found 1-bit tristate buffer for signal <DA<12>> created at line 39
    Found 1-bit tristate buffer for signal <DA<11>> created at line 39
    Found 1-bit tristate buffer for signal <DA<10>> created at line 39
    Found 1-bit tristate buffer for signal <DA<9>> created at line 39
    Found 1-bit tristate buffer for signal <DA<8>> created at line 39
    Found 1-bit tristate buffer for signal <DA<7>> created at line 39
    Found 1-bit tristate buffer for signal <DA<6>> created at line 39
    Found 1-bit tristate buffer for signal <DA<5>> created at line 39
    Found 1-bit tristate buffer for signal <DA<4>> created at line 39
    Found 1-bit tristate buffer for signal <DA<3>> created at line 39
    Found 1-bit tristate buffer for signal <DA<2>> created at line 39
    Found 1-bit tristate buffer for signal <DA<1>> created at line 39
    Found 1-bit tristate buffer for signal <DA<0>> created at line 39
    Found 1-bit tristate buffer for signal <DB<15>> created at line 40
    Found 1-bit tristate buffer for signal <DB<14>> created at line 40
    Found 1-bit tristate buffer for signal <DB<13>> created at line 40
    Found 1-bit tristate buffer for signal <DB<12>> created at line 40
    Found 1-bit tristate buffer for signal <DB<11>> created at line 40
    Found 1-bit tristate buffer for signal <DB<10>> created at line 40
    Found 1-bit tristate buffer for signal <DB<9>> created at line 40
    Found 1-bit tristate buffer for signal <DB<8>> created at line 40
    Found 1-bit tristate buffer for signal <DB<7>> created at line 40
    Found 1-bit tristate buffer for signal <DB<6>> created at line 40
    Found 1-bit tristate buffer for signal <DB<5>> created at line 40
    Found 1-bit tristate buffer for signal <DB<4>> created at line 40
    Found 1-bit tristate buffer for signal <DB<3>> created at line 40
    Found 1-bit tristate buffer for signal <DB<2>> created at line 40
    Found 1-bit tristate buffer for signal <DB<1>> created at line 40
    Found 1-bit tristate buffer for signal <DB<0>> created at line 40
    Summary:
	inferred  16 D-type flip-flop(s).
	inferred  32 Tristate(s).
Unit <reg16> synthesized.

Synthesizing Unit <alu16>.
    Related source file is "C:\Users\Jesus\Documents\Xilinx_Files\CPU\RISC_Processor\alu16.v".
    Found 17-bit subtractor for signal <GND_44_o_GND_44_o_sub_2_OUT> created at line 30.
    Found 17-bit subtractor for signal <GND_44_o_GND_44_o_sub_4_OUT> created at line 32.
    Found 17-bit adder for signal <n0033> created at line 29.
    Found 17-bit adder for signal <n0036> created at line 31.
    Found 17-bit subtractor for signal <GND_44_o_GND_44_o_sub_9_OUT> created at line 46.
    Found 16-bit 15-to-1 multiplexer for signal <Y> created at line 26.
    Summary:
	inferred   5 Adder/Subtractor(s).
	inferred  11 Multiplexer(s).
Unit <alu16> synthesized.

Synthesizing Unit <reg16_L_Inc>.
    Related source file is "C:\Users\Jesus\Documents\Xilinx_Files\CPU\RISC_Processor\reg16_L_Inc.v".
    Found 16-bit register for signal <Q>.
    Found 16-bit adder for signal <Q[15]_GND_45_o_add_0_OUT> created at line 35.
    Summary:
	inferred   1 Adder/Subtractor(s).
	inferred  16 D-type flip-flop(s).
Unit <reg16_L_Inc> synthesized.

Synthesizing Unit <ram>.
    Related source file is "C:\Users\Jesus\Documents\Xilinx_Files\CPU\RISC_Processor\ram7.v".
    Summary:
	no macro.
Unit <ram> synthesized.

Synthesizing Unit <Display_Controller>.
    Related source file is "C:\Users\Jesus\Documents\Xilinx_Files\CPU\RISC_Processor\Display_Controller.v".
    Summary:
	no macro.
Unit <Display_Controller> synthesized.

Synthesizing Unit <pixel_clk>.
    Related source file is "C:\Users\Jesus\Documents\Xilinx_Files\CPU\RISC_Processor\pixel_clk.v".
    Found 32-bit register for signal <i>.
    Found 1-bit register for signal <clk_out>.
    Found 32-bit adder for signal <i[31]_GND_49_o_add_2_OUT> created at line 50.
    Found 32-bit comparator greater for signal <i[31]_GND_49_o_LessThan_2_o> created at line 44
    Summary:
	inferred   1 Adder/Subtractor(s).
	inferred  33 D-type flip-flop(s).
	inferred   1 Comparator(s).
	inferred   1 Multiplexer(s).
Unit <pixel_clk> synthesized.

Synthesizing Unit <pixel_controller>.
    Related source file is "C:\Users\Jesus\Documents\Xilinx_Files\CPU\RISC_Processor\pixel_controller.v".
    Found 3-bit register for signal <present_state>.
    Found finite state machine <FSM_1> for signal <present_state>.
    -----------------------------------------------------------------------
    | States             | 8                                              |
    | Transitions        | 8                                              |
    | Inputs             | 0                                              |
    | Outputs            | 11                                             |
    | Clock              | clk_480Hz (rising_edge)                        |
    | Reset              | reset (positive)                               |
    | Reset type         | asynchronous                                   |
    | Reset State        | 000                                            |
    | Encoding           | auto                                           |
    | Implementation     | LUT                                            |
    -----------------------------------------------------------------------
    Summary:
	inferred   1 Finite State Machine(s).
Unit <pixel_controller> synthesized.

Synthesizing Unit <ad_mux>.
    Related source file is "C:\Users\Jesus\Documents\Xilinx_Files\CPU\RISC_Processor\ad_mux.v".
    Found 4-bit 8-to-1 multiplexer for signal <Y> created at line 33.
    Summary:
	inferred   1 Multiplexer(s).
Unit <ad_mux> synthesized.

Synthesizing Unit <hexto7segment>.
    Related source file is "C:\Users\Jesus\Documents\Xilinx_Files\CPU\RISC_Processor\hexto7segment.v".
    Found 16x7-bit Read Only RAM for signal <disp>
    Summary:
	inferred   1 RAM(s).
Unit <hexto7segment> synthesized.

=========================================================================
HDL Synthesis Report

Macro Statistics
# RAMs                                                 : 1
 16x7-bit single-port Read Only RAM                    : 1
# Adders/Subtractors                                   : 12
 16-bit adder                                          : 4
 17-bit adder                                          : 2
 17-bit subtractor                                     : 3
 32-bit adder                                          : 3
# Registers                                            : 40
 1-bit register                                        : 26
 16-bit register                                       : 11
 32-bit register                                       : 3
# Comparators                                          : 3
 32-bit comparator greater                             : 3
# Multiplexers                                         : 61
 1-bit 2-to-1 multiplexer                              : 46
 16-bit 15-to-1 multiplexer                            : 1
 16-bit 2-to-1 multiplexer                             : 4
 3-bit 2-to-1 multiplexer                              : 5
 32-bit 2-to-1 multiplexer                             : 3
 4-bit 8-to-1 multiplexer                              : 1
 8-bit 22-to-1 multiplexer                             : 1
# Tristates                                            : 256
 1-bit tristate buffer                                 : 256
# FSMs                                                 : 2
# Xors                                                 : 1
 16-bit xor2                                           : 1

=========================================================================

=========================================================================
*                       Advanced HDL Synthesis                          *
=========================================================================

Reading core <ipcore_dir/ram_256x16.ngc>.
Loading core <ram_256x16> for timing and area information for instance <main_memory>.

Synthesizing (advanced) Unit <hexto7segment>.
INFO:Xst:3218 - HDL ADVISOR - The RAM <Mram_disp> will be implemented on LUTs either because you have described an asynchronous read or because of currently unsupported block RAM features. If you have described an asynchronous read, making it synchronous would allow you to take advantage of available block RAM resources, for optimized device usage and improved timings. Please refer to your documentation for coding guidelines.
    -----------------------------------------------------------------------
    | ram_type           | Distributed                         |          |
    -----------------------------------------------------------------------
    | Port A                                                              |
    |     aspect ratio   | 16-word x 7-bit                     |          |
    |     weA            | connected to signal <GND>           | high     |
    |     addrA          | connected to signal <Q>             |          |
    |     diA            | connected to signal <GND>           |          |
    |     doA            | connected to signal <disp>          |          |
    -----------------------------------------------------------------------
Unit <hexto7segment> synthesized (advanced).

Synthesizing (advanced) Unit <pixel_clk>.
The following registers are absorbed into counter <i>: 1 register on signal <i>.
Unit <pixel_clk> synthesized (advanced).

=========================================================================
Advanced HDL Synthesis Report

Macro Statistics
# RAMs                                                 : 1
 16x7-bit single-port distributed Read Only RAM        : 1
# Adders/Subtractors                                   : 11
 16-bit adder                                          : 4
 17-bit adder                                          : 2
 17-bit subtractor                                     : 3
 32-bit adder                                          : 2
# Counters                                             : 1
 32-bit up counter                                     : 1
# Registers                                            : 266
 Flip-Flops                                            : 266
# Comparators                                          : 3
 32-bit comparator greater                             : 3
# Multiplexers                                         : 60
 1-bit 2-to-1 multiplexer                              : 46
 16-bit 15-to-1 multiplexer                            : 1
 16-bit 2-to-1 multiplexer                             : 4
 3-bit 2-to-1 multiplexer                              : 5
 32-bit 2-to-1 multiplexer                             : 2
 4-bit 8-to-1 multiplexer                              : 1
 8-bit 22-to-1 multiplexer                             : 1
# FSMs                                                 : 2
# Xors                                                 : 1
 16-bit xor2                                           : 1

=========================================================================

=========================================================================
*                         Low Level Synthesis                           *
=========================================================================
Analyzing FSM <MFsm> for best encoding.
Optimizing FSM <FSM_1> on signal <present_state[1:8]> with one-hot encoding.
-------------------
 State | Encoding
-------------------
 000   | 00000001
 001   | 00000010
 010   | 00000100
 011   | 00001000
 100   | 00010000
 101   | 00100000
 110   | 01000000
 111   | 10000000
-------------------
Analyzing FSM <MFsm> for best encoding.
Optimizing FSM <cpu/control_unit/FSM_0> on signal <state[1:5]> with user encoding.
-------------------
 State | Encoding
-------------------
 00000 | 00000
 00001 | 00001
 00010 | 00010
 00011 | 00011
 00100 | 00100
 00101 | 00101
 00110 | 00110
 01001 | 01001
 01010 | 01010
 00111 | 00111
 01000 | 01000
 01011 | 01011
 01100 | 01100
 01101 | 01101
 10010 | 10010
 01110 | 01110
 01111 | 01111
 10000 | 10000
 10001 | 10001
 11111 | 11111
-------------------
WARNING:Xst:1989 - Unit <top_level_lab8>: instances <stepmem/clk500>, <stepclk/clk500> of unit <clk_500Hz> are equivalent, second instance is removed
WARNING:Xst:2040 - Unit Register_File: 32 multi-source signals are replaced by logic (pull-up yes): R<0>, R<10>, R<11>, R<12>, R<13>, R<14>, R<15>, R<1>, R<2>, R<3>, R<4>, R<5>, R<6>, R<7>, R<8>, R<9>, S<0>, S<10>, S<11>, S<12>, S<13>, S<14>, S<15>, S<1>, S<2>, S<3>, S<4>, S<5>, S<6>, S<7>, S<8>, S<9>.

Optimizing unit <top_level_lab8> ...

Optimizing unit <clk_500Hz> ...

Optimizing unit <one_shot> ...

Optimizing unit <Register_File> ...

Optimizing unit <alu16> ...

Optimizing unit <reg16_L_Inc> ...

Optimizing unit <cu> ...
WARNING:Xst:1710 - FF/Latch <stepmem/clk500/i_17> (without init value) has a constant value of 0 in block <top_level_lab8>. This FF/Latch will be trimmed during the optimization process.
WARNING:Xst:1895 - Due to other FF/Latch trimming, FF/Latch <stepmem/clk500/i_18> (without init value) has a constant value of 0 in block <top_level_lab8>. This FF/Latch will be trimmed during the optimization process.
WARNING:Xst:1895 - Due to other FF/Latch trimming, FF/Latch <stepmem/clk500/i_19> (without init value) has a constant value of 0 in block <top_level_lab8>. This FF/Latch will be trimmed during the optimization process.
WARNING:Xst:1895 - Due to other FF/Latch trimming, FF/Latch <stepmem/clk500/i_20> (without init value) has a constant value of 0 in block <top_level_lab8>. This FF/Latch will be trimmed during the optimization process.
WARNING:Xst:1895 - Due to other FF/Latch trimming, FF/Latch <stepmem/clk500/i_21> (without init value) has a constant value of 0 in block <top_level_lab8>. This FF/Latch will be trimmed during the optimization process.
WARNING:Xst:1895 - Due to other FF/Latch trimming, FF/Latch <stepmem/clk500/i_22> (without init value) has a constant value of 0 in block <top_level_lab8>. This FF/Latch will be trimmed during the optimization process.
WARNING:Xst:1895 - Due to other FF/Latch trimming, FF/Latch <stepmem/clk500/i_23> (without init value) has a constant value of 0 in block <top_level_lab8>. This FF/Latch will be trimmed during the optimization process.
WARNING:Xst:1895 - Due to other FF/Latch trimming, FF/Latch <stepmem/clk500/i_24> (without init value) has a constant value of 0 in block <top_level_lab8>. This FF/Latch will be trimmed during the optimization process.
WARNING:Xst:1895 - Due to other FF/Latch trimming, FF/Latch <stepmem/clk500/i_25> (without init value) has a constant value of 0 in block <top_level_lab8>. This FF/Latch will be trimmed during the optimization process.
WARNING:Xst:1895 - Due to other FF/Latch trimming, FF/Latch <stepmem/clk500/i_26> (without init value) has a constant value of 0 in block <top_level_lab8>. This FF/Latch will be trimmed during the optimization process.
WARNING:Xst:1895 - Due to other FF/Latch trimming, FF/Latch <stepmem/clk500/i_27> (without init value) has a constant value of 0 in block <top_level_lab8>. This FF/Latch will be trimmed during the optimization process.
WARNING:Xst:1895 - Due to other FF/Latch trimming, FF/Latch <stepmem/clk500/i_28> (without init value) has a constant value of 0 in block <top_level_lab8>. This FF/Latch will be trimmed during the optimization process.
WARNING:Xst:1895 - Due to other FF/Latch trimming, FF/Latch <stepmem/clk500/i_29> (without init value) has a constant value of 0 in block <top_level_lab8>. This FF/Latch will be trimmed during the optimization process.
WARNING:Xst:1895 - Due to other FF/Latch trimming, FF/Latch <stepmem/clk500/i_30> (without init value) has a constant value of 0 in block <top_level_lab8>. This FF/Latch will be trimmed during the optimization process.
WARNING:Xst:1895 - Due to other FF/Latch trimming, FF/Latch <stepmem/clk500/i_31> (without init value) has a constant value of 0 in block <top_level_lab8>. This FF/Latch will be trimmed during the optimization process.
WARNING:Xst:1896 - Due to other FF/Latch trimming, FF/Latch <disp/pxl/i_31> has a constant value of 0 in block <top_level_lab8>. This FF/Latch will be trimmed during the optimization process.
WARNING:Xst:1896 - Due to other FF/Latch trimming, FF/Latch <disp/pxl/i_30> has a constant value of 0 in block <top_level_lab8>. This FF/Latch will be trimmed during the optimization process.
WARNING:Xst:1896 - Due to other FF/Latch trimming, FF/Latch <disp/pxl/i_29> has a constant value of 0 in block <top_level_lab8>. This FF/Latch will be trimmed during the optimization process.
WARNING:Xst:1896 - Due to other FF/Latch trimming, FF/Latch <disp/pxl/i_28> has a constant value of 0 in block <top_level_lab8>. This FF/Latch will be trimmed during the optimization process.
WARNING:Xst:1896 - Due to other FF/Latch trimming, FF/Latch <disp/pxl/i_27> has a constant value of 0 in block <top_level_lab8>. This FF/Latch will be trimmed during the optimization process.
WARNING:Xst:1896 - Due to other FF/Latch trimming, FF/Latch <disp/pxl/i_26> has a constant value of 0 in block <top_level_lab8>. This FF/Latch will be trimmed during the optimization process.
WARNING:Xst:1896 - Due to other FF/Latch trimming, FF/Latch <disp/pxl/i_25> has a constant value of 0 in block <top_level_lab8>. This FF/Latch will be trimmed during the optimization process.
WARNING:Xst:1896 - Due to other FF/Latch trimming, FF/Latch <disp/pxl/i_24> has a constant value of 0 in block <top_level_lab8>. This FF/Latch will be trimmed during the optimization process.
WARNING:Xst:1896 - Due to other FF/Latch trimming, FF/Latch <disp/pxl/i_23> has a constant value of 0 in block <top_level_lab8>. This FF/Latch will be trimmed during the optimization process.
WARNING:Xst:1896 - Due to other FF/Latch trimming, FF/Latch <disp/pxl/i_22> has a constant value of 0 in block <top_level_lab8>. This FF/Latch will be trimmed during the optimization process.
WARNING:Xst:1896 - Due to other FF/Latch trimming, FF/Latch <disp/pxl/i_21> has a constant value of 0 in block <top_level_lab8>. This FF/Latch will be trimmed during the optimization process.
WARNING:Xst:1896 - Due to other FF/Latch trimming, FF/Latch <disp/pxl/i_20> has a constant value of 0 in block <top_level_lab8>. This FF/Latch will be trimmed during the optimization process.
WARNING:Xst:1896 - Due to other FF/Latch trimming, FF/Latch <disp/pxl/i_19> has a constant value of 0 in block <top_level_lab8>. This FF/Latch will be trimmed during the optimization process.
WARNING:Xst:1896 - Due to other FF/Latch trimming, FF/Latch <disp/pxl/i_18> has a constant value of 0 in block <top_level_lab8>. This FF/Latch will be trimmed during the optimization process.
WARNING:Xst:1896 - Due to other FF/Latch trimming, FF/Latch <disp/pxl/i_17> has a constant value of 0 in block <top_level_lab8>. This FF/Latch will be trimmed during the optimization process.
INFO:Xst:2261 - The FF/Latch <disp/pxl/i_0> in Unit <top_level_lab8> is equivalent to the following FF/Latch, which will be removed : <stepmem/clk500/i_0> 
INFO:Xst:2261 - The FF/Latch <disp/pxl/i_1> in Unit <top_level_lab8> is equivalent to the following FF/Latch, which will be removed : <stepmem/clk500/i_1> 
INFO:Xst:2261 - The FF/Latch <disp/pxl/i_2> in Unit <top_level_lab8> is equivalent to the following FF/Latch, which will be removed : <stepmem/clk500/i_2> 

Mapping all equations...
Building and optimizing final netlist ...
Found area constraint ratio of 100 (+ 5) on block top_level_lab8, actual ratio is 0.
FlipFlop cpu/control_unit/state_FSM_FFd2 has been replicated 1 time(s)
FlipFlop cpu/control_unit/state_FSM_FFd3 has been replicated 2 time(s)
FlipFlop cpu/control_unit/state_FSM_FFd4 has been replicated 3 time(s)
FlipFlop cpu/control_unit/state_FSM_FFd5 has been replicated 1 time(s)

Final Macro Processing ...

=========================================================================
Final Register Report

Macro Statistics
# Registers                                            : 252
 Flip-Flops                                            : 252

=========================================================================

=========================================================================
*                           Partition Report                            *
=========================================================================

Partition Implementation Status
-------------------------------

  No Partitions were found in this design.

-------------------------------

=========================================================================
*                            Design Summary                             *
=========================================================================

Top Level Output File Name         : top_level_lab8.ngc

Primitive and Black Box Usage:
------------------------------
# BELS                             : 814
#      GND                         : 2
#      INV                         : 11
#      LUT1                        : 46
#      LUT2                        : 51
#      LUT3                        : 51
#      LUT4                        : 27
#      LUT5                        : 115
#      LUT6                        : 203
#      MUXCY                       : 155
#      MUXF7                       : 5
#      VCC                         : 2
#      XORCY                       : 146
# FlipFlops/Latches                : 252
#      FDC                         : 120
#      FDCE                        : 131
#      FDP                         : 1
# RAMS                             : 1
#      RAMB18E1                    : 1
# Clock Buffers                    : 3
#      BUFG                        : 2
#      BUFGP                       : 1
# IO Buffers                       : 27
#      IBUF                        : 4
#      OBUF                        : 23

Device utilization summary:
---------------------------

Selected Device : 7a100tcsg324-3 


Slice Logic Utilization: 
 Number of Slice Registers:             252  out of  126800     0%  
 Number of Slice LUTs:                  504  out of  63400     0%  
    Number used as Logic:               504  out of  63400     0%  

Slice Logic Distribution: 
 Number of LUT Flip Flop pairs used:    627
   Number with an unused Flip Flop:     375  out of    627    59%  
   Number with an unused LUT:           123  out of    627    19%  
   Number of fully used LUT-FF pairs:   129  out of    627    20%  
   Number of unique control sets:        14

IO Utilization: 
 Number of IOs:                          28
 Number of bonded IOBs:                  28  out of    210    13%  

Specific Feature Utilization:
 Number of Block RAM/FIFO:                1  out of    135     0%  
    Number using Block RAM only:          1
 Number of BUFG/BUFGCTRLs:                3  out of     32     9%  

---------------------------
Partition Resource Summary:
---------------------------

  No Partitions were found in this design.

---------------------------


=========================================================================
Timing Report

NOTE: THESE TIMING NUMBERS ARE ONLY A SYNTHESIS ESTIMATE.
      FOR ACCURATE TIMING INFORMATION PLEASE REFER TO THE TRACE REPORT
      GENERATED AFTER PLACE-and-ROUTE.

Clock Information:
------------------
-----------------------------------+-----------------------------------------------+-------+
Clock Signal                       | Clock buffer(FF name)                         | Load  |
-----------------------------------+-----------------------------------------------+-------+
disp/pxl/clk_out                   | NONE(disp/main_control/present_state_FSM_FFd7)| 8     |
clk                                | BUFGP                                         | 34    |
stepmem/clk500/clk_out             | BUFG                                          | 20    |
step_clk_out(stepclk/regclk/Dout:O)| BUFG(*)(cpu/ex_unit/idp/regfile/R7/Dout_0)    | 175   |
step_mem_out(stepmem/regclk/Dout:O)| NONE(*)(Mem_Dump_Counter/Q_15)                | 16    |
-----------------------------------+-----------------------------------------------+-------+
(*) These 2 clock signal(s) are generated by combinatorial logic,
and XST is not able to identify which are the primary clock signals.
Please use the CLOCK_SIGNAL constraint to specify the clock signal(s) generated by combinatorial logic.
INFO:Xst:2169 - HDL ADVISOR - Some clock signals were not automatically buffered by XST with BUFG/BUFR resources. Please use the buffer_type constraint in order to insert these buffers to the clock signals to help prevent skew problems.

Asynchronous Control Signals Information:
----------------------------------------
No asynchronous control signals found in this design

Timing Summary:
---------------
Speed Grade: -3

   Minimum period: 5.482ns (Maximum Frequency: 182.426MHz)
   Minimum input arrival time before clock: 1.619ns
   Maximum output required time after clock: 5.095ns
   Maximum combinational path delay: 2.849ns

Timing Details:
---------------
All values displayed in nanoseconds (ns)

=========================================================================
Timing constraint: Default period analysis for Clock 'disp/pxl/clk_out'
  Clock period: 0.708ns (frequency: 1412.828MHz)
  Total number of paths / destination ports: 8 / 8
-------------------------------------------------------------------------
Delay:               0.708ns (Levels of Logic = 0)
  Source:            disp/main_control/present_state_FSM_FFd2 (FF)
  Destination:       disp/main_control/present_state_FSM_FFd1 (FF)
  Source Clock:      disp/pxl/clk_out rising
  Destination Clock: disp/pxl/clk_out rising

  Data Path: disp/main_control/present_state_FSM_FFd2 to disp/main_control/present_state_FSM_FFd1
                                Gate     Net
    Cell:in->out      fanout   Delay   Delay  Logical Name (Net Name)
    ----------------------------------------  ------------
     FDC:C->Q             14   0.361   0.339  disp/main_control/present_state_FSM_FFd2 (disp/main_control/present_state_FSM_FFd2)
     FDC:D                     0.008          disp/main_control/present_state_FSM_FFd1
    ----------------------------------------
    Total                      0.708ns (0.369ns logic, 0.339ns route)
                                       (52.1% logic, 47.9% route)

=========================================================================
Timing constraint: Default period analysis for Clock 'clk'
  Clock period: 5.383ns (frequency: 185.767MHz)
  Total number of paths / destination ports: 10435 / 49
-------------------------------------------------------------------------
Delay:               5.383ns (Levels of Logic = 20)
  Source:            memory/main_memory/U0/xst_blk_mem_generator/gnativebmg.native_blk_mem_gen/valid.cstr/ramloop[0].ram.r/v6_init.ram/NO_BMM_INFO.SP.WIDE_PRIM18.ram (RAM)
  Destination:       memory/main_memory/U0/xst_blk_mem_generator/gnativebmg.native_blk_mem_gen/valid.cstr/ramloop[0].ram.r/v6_init.ram/NO_BMM_INFO.SP.WIDE_PRIM18.ram (RAM)
  Source Clock:      clk rising
  Destination Clock: clk rising

  Data Path: memory/main_memory/U0/xst_blk_mem_generator/gnativebmg.native_blk_mem_gen/valid.cstr/ramloop[0].ram.r/v6_init.ram/NO_BMM_INFO.SP.WIDE_PRIM18.ram to memory/main_memory/U0/xst_blk_mem_generator/gnativebmg.native_blk_mem_gen/valid.cstr/ramloop[0].ram.r/v6_init.ram/NO_BMM_INFO.SP.WIDE_PRIM18.ram
                                Gate     Net
    Cell:in->out      fanout   Delay   Delay  Logical Name (Net Name)
    ----------------------------------------  ------------
     RAMB18E1:CLKARDCLK->DOADO0    7   1.846   0.539  U0/xst_blk_mem_generator/gnativebmg.native_blk_mem_gen/valid.cstr/ramloop[0].ram.r/v6_init.ram/NO_BMM_INFO.SP.WIDE_PRIM18.ram (douta<0>)
     end scope: 'memory/main_memory:douta<0>'
     LUT5:I2->O            1   0.097   0.000  cpu/ex_unit/idp/Mmux_smux134 (cpu/ex_unit/idp/Mmux_smux132)
     MUXCY:S->O            1   0.353   0.000  cpu/ex_unit/idp/ALU/Msub_GND_44_o_GND_44_o_sub_2_OUT_cy<0> (cpu/ex_unit/idp/ALU/Msub_GND_44_o_GND_44_o_sub_2_OUT_cy<0>)
     MUXCY:CI->O           1   0.023   0.000  cpu/ex_unit/idp/ALU/Msub_GND_44_o_GND_44_o_sub_2_OUT_cy<1> (cpu/ex_unit/idp/ALU/Msub_GND_44_o_GND_44_o_sub_2_OUT_cy<1>)
     MUXCY:CI->O           1   0.023   0.000  cpu/ex_unit/idp/ALU/Msub_GND_44_o_GND_44_o_sub_2_OUT_cy<2> (cpu/ex_unit/idp/ALU/Msub_GND_44_o_GND_44_o_sub_2_OUT_cy<2>)
     MUXCY:CI->O           1   0.023   0.000  cpu/ex_unit/idp/ALU/Msub_GND_44_o_GND_44_o_sub_2_OUT_cy<3> (cpu/ex_unit/idp/ALU/Msub_GND_44_o_GND_44_o_sub_2_OUT_cy<3>)
     MUXCY:CI->O           1   0.023   0.000  cpu/ex_unit/idp/ALU/Msub_GND_44_o_GND_44_o_sub_2_OUT_cy<4> (cpu/ex_unit/idp/ALU/Msub_GND_44_o_GND_44_o_sub_2_OUT_cy<4>)
     MUXCY:CI->O           1   0.023   0.000  cpu/ex_unit/idp/ALU/Msub_GND_44_o_GND_44_o_sub_2_OUT_cy<5> (cpu/ex_unit/idp/ALU/Msub_GND_44_o_GND_44_o_sub_2_OUT_cy<5>)
     MUXCY:CI->O           1   0.023   0.000  cpu/ex_unit/idp/ALU/Msub_GND_44_o_GND_44_o_sub_2_OUT_cy<6> (cpu/ex_unit/idp/ALU/Msub_GND_44_o_GND_44_o_sub_2_OUT_cy<6>)
     MUXCY:CI->O           1   0.023   0.000  cpu/ex_unit/idp/ALU/Msub_GND_44_o_GND_44_o_sub_2_OUT_cy<7> (cpu/ex_unit/idp/ALU/Msub_GND_44_o_GND_44_o_sub_2_OUT_cy<7>)
     MUXCY:CI->O           1   0.023   0.000  cpu/ex_unit/idp/ALU/Msub_GND_44_o_GND_44_o_sub_2_OUT_cy<8> (cpu/ex_unit/idp/ALU/Msub_GND_44_o_GND_44_o_sub_2_OUT_cy<8>)
     MUXCY:CI->O           1   0.023   0.000  cpu/ex_unit/idp/ALU/Msub_GND_44_o_GND_44_o_sub_2_OUT_cy<9> (cpu/ex_unit/idp/ALU/Msub_GND_44_o_GND_44_o_sub_2_OUT_cy<9>)
     MUXCY:CI->O           1   0.023   0.000  cpu/ex_unit/idp/ALU/Msub_GND_44_o_GND_44_o_sub_2_OUT_cy<10> (cpu/ex_unit/idp/ALU/Msub_GND_44_o_GND_44_o_sub_2_OUT_cy<10>)
     MUXCY:CI->O           1   0.023   0.000  cpu/ex_unit/idp/ALU/Msub_GND_44_o_GND_44_o_sub_2_OUT_cy<11> (cpu/ex_unit/idp/ALU/Msub_GND_44_o_GND_44_o_sub_2_OUT_cy<11>)
     MUXCY:CI->O           1   0.023   0.000  cpu/ex_unit/idp/ALU/Msub_GND_44_o_GND_44_o_sub_2_OUT_cy<12> (cpu/ex_unit/idp/ALU/Msub_GND_44_o_GND_44_o_sub_2_OUT_cy<12>)
     MUXCY:CI->O           1   0.023   0.000  cpu/ex_unit/idp/ALU/Msub_GND_44_o_GND_44_o_sub_2_OUT_cy<13> (cpu/ex_unit/idp/ALU/Msub_GND_44_o_GND_44_o_sub_2_OUT_cy<13>)
     MUXCY:CI->O           1   0.023   0.000  cpu/ex_unit/idp/ALU/Msub_GND_44_o_GND_44_o_sub_2_OUT_cy<14> (cpu/ex_unit/idp/ALU/Msub_GND_44_o_GND_44_o_sub_2_OUT_cy<14>)
     XORCY:CI->O           1   0.370   0.379  cpu/ex_unit/idp/ALU/Msub_GND_44_o_GND_44_o_sub_2_OUT_xor<15> (cpu/ex_unit/idp/ALU/GND_44_o_GND_44_o_sub_2_OUT<15>)
     LUT6:I4->O            3   0.097   0.389  cpu/ex_unit/idp/ALU/Alu_Op<3>_65 (cpu/ex_unit/idp/ALU/Alu_Op<3>_65)
     LUT6:I4->O            9   0.097   0.316  cpu/ex_unit/idp/ALU/Alu_Op<3>61 (CPU_D_out<15>)
     begin scope: 'memory/main_memory:dina<15>'
     RAMB18E1:DIBDI11          0.577          U0/xst_blk_mem_generator/gnativebmg.native_blk_mem_gen/valid.cstr/ramloop[0].ram.r/v6_init.ram/NO_BMM_INFO.SP.WIDE_PRIM18.ram
    ----------------------------------------
    Total                      5.383ns (3.759ns logic, 1.624ns route)
                                       (69.8% logic, 30.2% route)

=========================================================================
Timing constraint: Default period analysis for Clock 'stepmem/clk500/clk_out'
  Clock period: 0.653ns (frequency: 1532.567MHz)
  Total number of paths / destination ports: 18 / 18
-------------------------------------------------------------------------
Delay:               0.653ns (Levels of Logic = 0)
  Source:            stepclk/regclk/q8 (FF)
  Destination:       stepclk/regclk/q9 (FF)
  Source Clock:      stepmem/clk500/clk_out rising
  Destination Clock: stepmem/clk500/clk_out rising

  Data Path: stepclk/regclk/q8 to stepclk/regclk/q9
                                Gate     Net
    Cell:in->out      fanout   Delay   Delay  Logical Name (Net Name)
    ----------------------------------------  ------------
     FDC:C->Q              2   0.361   0.283  stepclk/regclk/q8 (stepclk/regclk/q8)
     FDC:D                     0.008          stepclk/regclk/q9
    ----------------------------------------
    Total                      0.653ns (0.369ns logic, 0.283ns route)
                                       (56.6% logic, 43.4% route)

=========================================================================
Timing constraint: Default period analysis for Clock 'step_clk_out'
  Clock period: 5.482ns (frequency: 182.426MHz)
  Total number of paths / destination ports: 564997 / 306
-------------------------------------------------------------------------
Delay:               5.482ns (Levels of Logic = 19)
  Source:            cpu/control_unit/state_FSM_FFd3_1 (FF)
  Destination:       cpu/control_unit/ps_N (FF)
  Source Clock:      step_clk_out rising
  Destination Clock: step_clk_out rising

  Data Path: cpu/control_unit/state_FSM_FFd3_1 to cpu/control_unit/ps_N
                                Gate     Net
    Cell:in->out      fanout   Delay   Delay  Logical Name (Net Name)
    ----------------------------------------  ------------
     FDC:C->Q              1   0.361   0.556  cpu/control_unit/state_FSM_FFd3_1 (cpu/control_unit/state_FSM_FFd3_1)
     LUT4:I0->O           19   0.097   0.463  cpu/control_unit/Mmux_R_Adr121 (mw_en)
     LUT4:I2->O           32   0.097   0.486  cpu/control_unit/Mmux_R_Adr3 (cpu/r_adr<2>)
     LUT6:I4->O            3   0.097   0.389  cpu/ex_unit/idp/regfile/R<0>LogicTrst1 (cpu/ex_unit/idp/regfile/R<0>LogicTrst)
     LUT6:I4->O            2   0.097   0.283  cpu/ex_unit/idp/regfile/R<0>LogicTrst3 (cpu/ex_unit/reg_out<0>)
     MUXCY:DI->O           1   0.337   0.000  cpu/ex_unit/idp/ALU/Msub_GND_44_o_GND_44_o_sub_4_OUT_cy<0> (cpu/ex_unit/idp/ALU/Msub_GND_44_o_GND_44_o_sub_4_OUT_cy<0>)
     MUXCY:CI->O           1   0.023   0.000  cpu/ex_unit/idp/ALU/Msub_GND_44_o_GND_44_o_sub_4_OUT_cy<1> (cpu/ex_unit/idp/ALU/Msub_GND_44_o_GND_44_o_sub_4_OUT_cy<1>)
     MUXCY:CI->O           1   0.023   0.000  cpu/ex_unit/idp/ALU/Msub_GND_44_o_GND_44_o_sub_4_OUT_cy<2> (cpu/ex_unit/idp/ALU/Msub_GND_44_o_GND_44_o_sub_4_OUT_cy<2>)
     MUXCY:CI->O           1   0.023   0.000  cpu/ex_unit/idp/ALU/Msub_GND_44_o_GND_44_o_sub_4_OUT_cy<3> (cpu/ex_unit/idp/ALU/Msub_GND_44_o_GND_44_o_sub_4_OUT_cy<3>)
     MUXCY:CI->O           1   0.023   0.000  cpu/ex_unit/idp/ALU/Msub_GND_44_o_GND_44_o_sub_4_OUT_cy<4> (cpu/ex_unit/idp/ALU/Msub_GND_44_o_GND_44_o_sub_4_OUT_cy<4>)
     MUXCY:CI->O           1   0.023   0.000  cpu/ex_unit/idp/ALU/Msub_GND_44_o_GND_44_o_sub_4_OUT_cy<5> (cpu/ex_unit/idp/ALU/Msub_GND_44_o_GND_44_o_sub_4_OUT_cy<5>)
     MUXCY:CI->O           1   0.023   0.000  cpu/ex_unit/idp/ALU/Msub_GND_44_o_GND_44_o_sub_4_OUT_cy<6> (cpu/ex_unit/idp/ALU/Msub_GND_44_o_GND_44_o_sub_4_OUT_cy<6>)
     MUXCY:CI->O           1   0.023   0.000  cpu/ex_unit/idp/ALU/Msub_GND_44_o_GND_44_o_sub_4_OUT_cy<7> (cpu/ex_unit/idp/ALU/Msub_GND_44_o_GND_44_o_sub_4_OUT_cy<7>)
     MUXCY:CI->O           1   0.023   0.000  cpu/ex_unit/idp/ALU/Msub_GND_44_o_GND_44_o_sub_4_OUT_cy<8> (cpu/ex_unit/idp/ALU/Msub_GND_44_o_GND_44_o_sub_4_OUT_cy<8>)
     MUXCY:CI->O           1   0.023   0.000  cpu/ex_unit/idp/ALU/Msub_GND_44_o_GND_44_o_sub_4_OUT_cy<9> (cpu/ex_unit/idp/ALU/Msub_GND_44_o_GND_44_o_sub_4_OUT_cy<9>)
     MUXCY:CI->O           1   0.023   0.000  cpu/ex_unit/idp/ALU/Msub_GND_44_o_GND_44_o_sub_4_OUT_cy<10> (cpu/ex_unit/idp/ALU/Msub_GND_44_o_GND_44_o_sub_4_OUT_cy<10>)
     XORCY:CI->O           1   0.370   0.379  cpu/ex_unit/idp/ALU/Msub_GND_44_o_GND_44_o_sub_4_OUT_xor<11> (cpu/ex_unit/idp/ALU/GND_44_o_GND_44_o_sub_4_OUT<11>)
     LUT6:I4->O            2   0.097   0.560  cpu/ex_unit/idp/ALU/Alu_Op<3>_72 (cpu/ex_unit/idp/ALU/Alu_Op<3>_72)
     LUT4:I0->O            1   0.097   0.379  cpu/control_unit/Mmux__n0284110_SW0 (N16)
     LUT6:I4->O            1   0.097   0.000  cpu/control_unit/Mmux__n0284110 (cpu/control_unit/_n0284)
     FDCE:D                    0.008          cpu/control_unit/ps_N
    ----------------------------------------
    Total                      5.482ns (1.985ns logic, 3.497ns route)
                                       (36.2% logic, 63.8% route)

=========================================================================
Timing constraint: Default period analysis for Clock 'step_mem_out'
  Clock period: 2.208ns (frequency: 452.817MHz)
  Total number of paths / destination ports: 152 / 16
-------------------------------------------------------------------------
Delay:               2.208ns (Levels of Logic = 18)
  Source:            Mem_Dump_Counter/Q_0 (FF)
  Destination:       Mem_Dump_Counter/Q_15 (FF)
  Source Clock:      step_mem_out rising
  Destination Clock: step_mem_out rising

  Data Path: Mem_Dump_Counter/Q_0 to Mem_Dump_Counter/Q_15
                                Gate     Net
    Cell:in->out      fanout   Delay   Delay  Logical Name (Net Name)
    ----------------------------------------  ------------
     FDC:C->Q              3   0.361   0.289  Mem_Dump_Counter/Q_0 (Mem_Dump_Counter/Q_0)
     INV:I->O              1   0.113   0.000  Mem_Dump_Counter/Madd_Q[15]_GND_45_o_add_0_OUT_lut<0>_INV_0 (Mem_Dump_Counter/Madd_Q[15]_GND_45_o_add_0_OUT_lut<0>)
     MUXCY:S->O            1   0.353   0.000  Mem_Dump_Counter/Madd_Q[15]_GND_45_o_add_0_OUT_cy<0> (Mem_Dump_Counter/Madd_Q[15]_GND_45_o_add_0_OUT_cy<0>)
     MUXCY:CI->O           1   0.023   0.000  Mem_Dump_Counter/Madd_Q[15]_GND_45_o_add_0_OUT_cy<1> (Mem_Dump_Counter/Madd_Q[15]_GND_45_o_add_0_OUT_cy<1>)
     MUXCY:CI->O           1   0.023   0.000  Mem_Dump_Counter/Madd_Q[15]_GND_45_o_add_0_OUT_cy<2> (Mem_Dump_Counter/Madd_Q[15]_GND_45_o_add_0_OUT_cy<2>)
     MUXCY:CI->O           1   0.023   0.000  Mem_Dump_Counter/Madd_Q[15]_GND_45_o_add_0_OUT_cy<3> (Mem_Dump_Counter/Madd_Q[15]_GND_45_o_add_0_OUT_cy<3>)
     MUXCY:CI->O           1   0.023   0.000  Mem_Dump_Counter/Madd_Q[15]_GND_45_o_add_0_OUT_cy<4> (Mem_Dump_Counter/Madd_Q[15]_GND_45_o_add_0_OUT_cy<4>)
     MUXCY:CI->O           1   0.023   0.000  Mem_Dump_Counter/Madd_Q[15]_GND_45_o_add_0_OUT_cy<5> (Mem_Dump_Counter/Madd_Q[15]_GND_45_o_add_0_OUT_cy<5>)
     MUXCY:CI->O           1   0.023   0.000  Mem_Dump_Counter/Madd_Q[15]_GND_45_o_add_0_OUT_cy<6> (Mem_Dump_Counter/Madd_Q[15]_GND_45_o_add_0_OUT_cy<6>)
     MUXCY:CI->O           1   0.023   0.000  Mem_Dump_Counter/Madd_Q[15]_GND_45_o_add_0_OUT_cy<7> (Mem_Dump_Counter/Madd_Q[15]_GND_45_o_add_0_OUT_cy<7>)
     MUXCY:CI->O           1   0.023   0.000  Mem_Dump_Counter/Madd_Q[15]_GND_45_o_add_0_OUT_cy<8> (Mem_Dump_Counter/Madd_Q[15]_GND_45_o_add_0_OUT_cy<8>)
     MUXCY:CI->O           1   0.023   0.000  Mem_Dump_Counter/Madd_Q[15]_GND_45_o_add_0_OUT_cy<9> (Mem_Dump_Counter/Madd_Q[15]_GND_45_o_add_0_OUT_cy<9>)
     MUXCY:CI->O           1   0.023   0.000  Mem_Dump_Counter/Madd_Q[15]_GND_45_o_add_0_OUT_cy<10> (Mem_Dump_Counter/Madd_Q[15]_GND_45_o_add_0_OUT_cy<10>)
     MUXCY:CI->O           1   0.023   0.000  Mem_Dump_Counter/Madd_Q[15]_GND_45_o_add_0_OUT_cy<11> (Mem_Dump_Counter/Madd_Q[15]_GND_45_o_add_0_OUT_cy<11>)
     MUXCY:CI->O           1   0.023   0.000  Mem_Dump_Counter/Madd_Q[15]_GND_45_o_add_0_OUT_cy<12> (Mem_Dump_Counter/Madd_Q[15]_GND_45_o_add_0_OUT_cy<12>)
     MUXCY:CI->O           1   0.023   0.000  Mem_Dump_Counter/Madd_Q[15]_GND_45_o_add_0_OUT_cy<13> (Mem_Dump_Counter/Madd_Q[15]_GND_45_o_add_0_OUT_cy<13>)
     MUXCY:CI->O           0   0.023   0.000  Mem_Dump_Counter/Madd_Q[15]_GND_45_o_add_0_OUT_cy<14> (Mem_Dump_Counter/Madd_Q[15]_GND_45_o_add_0_OUT_cy<14>)
     XORCY:CI->O           1   0.370   0.295  Mem_Dump_Counter/Madd_Q[15]_GND_45_o_add_0_OUT_xor<15> (Mem_Dump_Counter/Q[15]_GND_45_o_add_0_OUT<15>)
     LUT3:I2->O            1   0.097   0.000  Mem_Dump_Counter/ld_D[15]_select_4_OUT<15>1 (Mem_Dump_Counter/ld_D[15]_select_4_OUT<15>)
     FDC:D                     0.008          Mem_Dump_Counter/Q_15
    ----------------------------------------
    Total                      2.208ns (1.624ns logic, 0.584ns route)
                                       (73.5% logic, 26.5% route)

=========================================================================
Timing constraint: Default OFFSET IN BEFORE for Clock 'disp/pxl/clk_out'
  Total number of paths / destination ports: 8 / 8
-------------------------------------------------------------------------
Offset:              0.770ns (Levels of Logic = 1)
  Source:            reset (PAD)
  Destination:       disp/main_control/present_state_FSM_FFd7 (FF)
  Destination Clock: disp/pxl/clk_out rising

  Data Path: reset to disp/main_control/present_state_FSM_FFd7
                                Gate     Net
    Cell:in->out      fanout   Delay   Delay  Logical Name (Net Name)
    ----------------------------------------  ------------
     IBUF:I->O           252   0.001   0.420  reset_IBUF (reset_IBUF)
     FDC:CLR                   0.349          disp/main_control/present_state_FSM_FFd7
    ----------------------------------------
    Total                      0.770ns (0.350ns logic, 0.420ns route)
                                       (45.5% logic, 54.5% route)

=========================================================================
Timing constraint: Default OFFSET IN BEFORE for Clock 'clk'
  Total number of paths / destination ports: 49 / 49
-------------------------------------------------------------------------
Offset:              1.619ns (Levels of Logic = 3)
  Source:            dump_mem (PAD)
  Destination:       memory/main_memory/U0/xst_blk_mem_generator/gnativebmg.native_blk_mem_gen/valid.cstr/ramloop[0].ram.r/v6_init.ram/NO_BMM_INFO.SP.WIDE_PRIM18.ram (RAM)
  Destination Clock: clk rising

  Data Path: dump_mem to memory/main_memory/U0/xst_blk_mem_generator/gnativebmg.native_blk_mem_gen/valid.cstr/ramloop[0].ram.r/v6_init.ram/NO_BMM_INFO.SP.WIDE_PRIM18.ram
                                Gate     Net
    Cell:in->out      fanout   Delay   Delay  Logical Name (Net Name)
    ----------------------------------------  ------------
     IBUF:I->O            32   0.001   0.790  dump_mem_IBUF (dump_mem_IBUF)
     LUT5:I0->O            3   0.097   0.289  Mmux_adr_mux141 (adr_mux<7>)
     begin scope: 'memory/main_memory:addra<7>'
     RAMB18E1:ADDRARDADDR12        0.442          U0/xst_blk_mem_generator/gnativebmg.native_blk_mem_gen/valid.cstr/ramloop[0].ram.r/v6_init.ram/NO_BMM_INFO.SP.WIDE_PRIM18.ram
    ----------------------------------------
    Total                      1.619ns (0.540ns logic, 1.079ns route)
                                       (33.4% logic, 66.6% route)

=========================================================================
Timing constraint: Default OFFSET IN BEFORE for Clock 'stepmem/clk500/clk_out'
  Total number of paths / destination ports: 22 / 22
-------------------------------------------------------------------------
Offset:              0.770ns (Levels of Logic = 1)
  Source:            reset (PAD)
  Destination:       stepclk/regclk/q9 (FF)
  Destination Clock: stepmem/clk500/clk_out rising

  Data Path: reset to stepclk/regclk/q9
                                Gate     Net
    Cell:in->out      fanout   Delay   Delay  Logical Name (Net Name)
    ----------------------------------------  ------------
     IBUF:I->O           252   0.001   0.420  reset_IBUF (reset_IBUF)
     FDC:CLR                   0.349          stepclk/regclk/q0
    ----------------------------------------
    Total                      0.770ns (0.350ns logic, 0.420ns route)
                                       (45.5% logic, 54.5% route)

=========================================================================
Timing constraint: Default OFFSET IN BEFORE for Clock 'step_clk_out'
  Total number of paths / destination ports: 175 / 175
-------------------------------------------------------------------------
Offset:              0.770ns (Levels of Logic = 1)
  Source:            reset (PAD)
  Destination:       cpu/ex_unit/idp/regfile/R7/Dout_0 (FF)
  Destination Clock: step_clk_out rising

  Data Path: reset to cpu/ex_unit/idp/regfile/R7/Dout_0
                                Gate     Net
    Cell:in->out      fanout   Delay   Delay  Logical Name (Net Name)
    ----------------------------------------  ------------
     IBUF:I->O           252   0.001   0.420  reset_IBUF (reset_IBUF)
     FDCE:CLR                  0.349          cpu/ex_unit/idp/regfile/R0/Dout_0
    ----------------------------------------
    Total                      0.770ns (0.350ns logic, 0.420ns route)
                                       (45.5% logic, 54.5% route)

=========================================================================
Timing constraint: Default OFFSET IN BEFORE for Clock 'step_mem_out'
  Total number of paths / destination ports: 32 / 32
-------------------------------------------------------------------------
Offset:              0.770ns (Levels of Logic = 1)
  Source:            reset (PAD)
  Destination:       Mem_Dump_Counter/Q_15 (FF)
  Destination Clock: step_mem_out rising

  Data Path: reset to Mem_Dump_Counter/Q_15
                                Gate     Net
    Cell:in->out      fanout   Delay   Delay  Logical Name (Net Name)
    ----------------------------------------  ------------
     IBUF:I->O           252   0.001   0.420  reset_IBUF (reset_IBUF)
     FDC:CLR                   0.349          Mem_Dump_Counter/Q_0
    ----------------------------------------
    Total                      0.770ns (0.350ns logic, 0.420ns route)
                                       (45.5% logic, 54.5% route)

=========================================================================
Timing constraint: Default OFFSET OUT AFTER for Clock 'disp/pxl/clk_out'
  Total number of paths / destination ports: 344 / 15
-------------------------------------------------------------------------
Offset:              3.318ns (Levels of Logic = 5)
  Source:            disp/main_control/present_state_FSM_FFd6 (FF)
  Destination:       a (PAD)
  Source Clock:      disp/pxl/clk_out rising

  Data Path: disp/main_control/present_state_FSM_FFd6 to a
                                Gate     Net
    Cell:in->out      fanout   Delay   Delay  Logical Name (Net Name)
    ----------------------------------------  ------------
     FDC:C->Q              6   0.361   0.716  disp/main_control/present_state_FSM_FFd6 (disp/main_control/present_state_FSM_FFd6)
     LUT6:I0->O            1   0.097   0.693  disp/mux8to1/Mmux_Y<0>1 (disp/mux8to1/Mmux_Y<0>)
     LUT6:I0->O            1   0.097   0.295  disp/mux8to1/Mmux_Y<0>3 (disp/mux8to1/Mmux_Y<0>2)
     LUT5:I4->O            7   0.097   0.584  disp/mux8to1/Mmux_Y<0>6 (disp/hex<0>)
     LUT4:I0->O            1   0.097   0.279  disp/decoder/Mram_disp21 (e_OBUF)
     OBUF:I->O                 0.000          e_OBUF (e)
    ----------------------------------------
    Total                      3.318ns (0.749ns logic, 2.569ns route)
                                       (22.6% logic, 77.4% route)

=========================================================================
Timing constraint: Default OFFSET OUT AFTER for Clock 'step_clk_out'
  Total number of paths / destination ports: 8107 / 15
-------------------------------------------------------------------------
Offset:              5.095ns (Levels of Logic = 9)
  Source:            cpu/control_unit/state_FSM_FFd3_1 (FF)
  Destination:       a (PAD)
  Source Clock:      step_clk_out rising

  Data Path: cpu/control_unit/state_FSM_FFd3_1 to a
                                Gate     Net
    Cell:in->out      fanout   Delay   Delay  Logical Name (Net Name)
    ----------------------------------------  ------------
     FDC:C->Q              1   0.361   0.556  cpu/control_unit/state_FSM_FFd3_1 (cpu/control_unit/state_FSM_FFd3_1)
     LUT4:I0->O           19   0.097   0.463  cpu/control_unit/Mmux_R_Adr121 (mw_en)
     LUT4:I2->O           32   0.097   0.486  cpu/control_unit/Mmux_R_Adr3 (cpu/r_adr<2>)
     LUT6:I4->O            3   0.097   0.389  cpu/ex_unit/idp/regfile/R<7>LogicTrst1 (cpu/ex_unit/idp/regfile/R<7>LogicTrst)
     LUT6:I4->O            2   0.097   0.515  cpu/ex_unit/idp/regfile/R<7>LogicTrst3 (cpu/ex_unit/reg_out<7>)
     LUT5:I2->O            3   0.097   0.389  Mmux_adr_mux141 (adr_mux<7>)
     LUT6:I4->O            1   0.097   0.295  disp/mux8to1/Mmux_Y<3>3 (disp/mux8to1/Mmux_Y<3>2)
     LUT5:I4->O            7   0.097   0.584  disp/mux8to1/Mmux_Y<3>6 (disp/hex<3>)
     LUT4:I0->O            1   0.097   0.279  disp/decoder/Mram_disp111 (f_OBUF)
     OBUF:I->O                 0.000          f_OBUF (f)
    ----------------------------------------
    Total                      5.095ns (1.137ns logic, 3.958ns route)
                                       (22.3% logic, 77.7% route)

=========================================================================
Timing constraint: Default OFFSET OUT AFTER for Clock 'step_mem_out'
  Total number of paths / destination ports: 112 / 7
-------------------------------------------------------------------------
Offset:              2.940ns (Levels of Logic = 5)
  Source:            Mem_Dump_Counter/Q_12 (FF)
  Destination:       a (PAD)
  Source Clock:      step_mem_out rising

  Data Path: Mem_Dump_Counter/Q_12 to a
                                Gate     Net
    Cell:in->out      fanout   Delay   Delay  Logical Name (Net Name)
    ----------------------------------------  ------------
     FDC:C->Q              3   0.361   0.521  Mem_Dump_Counter/Q_12 (Mem_Dump_Counter/Q_12)
     LUT5:I2->O            1   0.097   0.511  disp/mux8to1/Mmux_Y<0>2 (disp/mux8to1/Mmux_Y<0>1)
     LUT6:I3->O            1   0.097   0.295  disp/mux8to1/Mmux_Y<0>3 (disp/mux8to1/Mmux_Y<0>2)
     LUT5:I4->O            7   0.097   0.584  disp/mux8to1/Mmux_Y<0>6 (disp/hex<0>)
     LUT4:I0->O            1   0.097   0.279  disp/decoder/Mram_disp21 (e_OBUF)
     OBUF:I->O                 0.000          e_OBUF (e)
    ----------------------------------------
    Total                      2.940ns (0.749ns logic, 2.191ns route)
                                       (25.5% logic, 74.5% route)

=========================================================================
Timing constraint: Default OFFSET OUT AFTER for Clock 'clk'
  Total number of paths / destination ports: 112 / 7
-------------------------------------------------------------------------
Offset:              4.797ns (Levels of Logic = 6)
  Source:            memory/main_memory/U0/xst_blk_mem_generator/gnativebmg.native_blk_mem_gen/valid.cstr/ramloop[0].ram.r/v6_init.ram/NO_BMM_INFO.SP.WIDE_PRIM18.ram (RAM)
  Destination:       a (PAD)
  Source Clock:      clk rising

  Data Path: memory/main_memory/U0/xst_blk_mem_generator/gnativebmg.native_blk_mem_gen/valid.cstr/ramloop[0].ram.r/v6_init.ram/NO_BMM_INFO.SP.WIDE_PRIM18.ram to a
                                Gate     Net
    Cell:in->out      fanout   Delay   Delay  Logical Name (Net Name)
    ----------------------------------------  ------------
     RAMB18E1:CLKARDCLK->DOBDO0    7   1.846   0.711  U0/xst_blk_mem_generator/gnativebmg.native_blk_mem_gen/valid.cstr/ramloop[0].ram.r/v6_init.ram/NO_BMM_INFO.SP.WIDE_PRIM18.ram (douta<8>)
     end scope: 'memory/main_memory:douta<8>'
     LUT6:I1->O            1   0.097   0.693  disp/mux8to1/Mmux_Y<0>1 (disp/mux8to1/Mmux_Y<0>)
     LUT6:I0->O            1   0.097   0.295  disp/mux8to1/Mmux_Y<0>3 (disp/mux8to1/Mmux_Y<0>2)
     LUT5:I4->O            7   0.097   0.584  disp/mux8to1/Mmux_Y<0>6 (disp/hex<0>)
     LUT4:I0->O            1   0.097   0.279  disp/decoder/Mram_disp21 (e_OBUF)
     OBUF:I->O                 0.000          e_OBUF (e)
    ----------------------------------------
    Total                      4.797ns (2.234ns logic, 2.564ns route)
                                       (46.6% logic, 53.4% route)

=========================================================================
Timing constraint: Default path analysis
  Total number of paths / destination ports: 112 / 7
-------------------------------------------------------------------------
Delay:               2.849ns (Levels of Logic = 6)
  Source:            dump_mem (PAD)
  Destination:       a (PAD)

  Data Path: dump_mem to a
                                Gate     Net
    Cell:in->out      fanout   Delay   Delay  Logical Name (Net Name)
    ----------------------------------------  ------------
     IBUF:I->O            32   0.001   0.790  dump_mem_IBUF (dump_mem_IBUF)
     LUT5:I0->O            1   0.097   0.511  disp/mux8to1/Mmux_Y<0>2 (disp/mux8to1/Mmux_Y<0>1)
     LUT6:I3->O            1   0.097   0.295  disp/mux8to1/Mmux_Y<0>3 (disp/mux8to1/Mmux_Y<0>2)
     LUT5:I4->O            7   0.097   0.584  disp/mux8to1/Mmux_Y<0>6 (disp/hex<0>)
     LUT4:I0->O            1   0.097   0.279  disp/decoder/Mram_disp21 (e_OBUF)
     OBUF:I->O                 0.000          e_OBUF (e)
    ----------------------------------------
    Total                      2.849ns (0.389ns logic, 2.460ns route)
                                       (13.7% logic, 86.3% route)

=========================================================================

Cross Clock Domains Report:
--------------------------

Clock to Setup on destination clock clk
---------------+---------+---------+---------+---------+
               | Src:Rise| Src:Fall| Src:Rise| Src:Fall|
Source Clock   |Dest:Rise|Dest:Rise|Dest:Fall|Dest:Fall|
---------------+---------+---------+---------+---------+
clk            |    5.383|         |         |         |
step_clk_out   |    5.727|         |         |         |
step_mem_out   |    1.494|         |         |         |
---------------+---------+---------+---------+---------+

Clock to Setup on destination clock disp/pxl/clk_out
----------------+---------+---------+---------+---------+
                | Src:Rise| Src:Fall| Src:Rise| Src:Fall|
Source Clock    |Dest:Rise|Dest:Rise|Dest:Fall|Dest:Fall|
----------------+---------+---------+---------+---------+
disp/pxl/clk_out|    0.708|         |         |         |
----------------+---------+---------+---------+---------+

Clock to Setup on destination clock step_clk_out
---------------+---------+---------+---------+---------+
               | Src:Rise| Src:Fall| Src:Rise| Src:Fall|
Source Clock   |Dest:Rise|Dest:Rise|Dest:Fall|Dest:Fall|
---------------+---------+---------+---------+---------+
clk            |    5.600|         |         |         |
step_clk_out   |    5.482|         |         |         |
---------------+---------+---------+---------+---------+

Clock to Setup on destination clock step_mem_out
---------------+---------+---------+---------+---------+
               | Src:Rise| Src:Fall| Src:Rise| Src:Fall|
Source Clock   |Dest:Rise|Dest:Rise|Dest:Fall|Dest:Fall|
---------------+---------+---------+---------+---------+
step_mem_out   |    2.208|         |         |         |
---------------+---------+---------+---------+---------+

Clock to Setup on destination clock stepmem/clk500/clk_out
----------------------+---------+---------+---------+---------+
                      | Src:Rise| Src:Fall| Src:Rise| Src:Fall|
Source Clock          |Dest:Rise|Dest:Rise|Dest:Fall|Dest:Fall|
----------------------+---------+---------+---------+---------+
stepmem/clk500/clk_out|    0.653|         |         |         |
----------------------+---------+---------+---------+---------+

=========================================================================


Total REAL time to Xst completion: 13.00 secs
Total CPU time to Xst completion: 13.16 secs
 
--> 

Total memory usage is 415448 kilobytes

Number of errors   :    0 (   0 filtered)
Number of warnings :   99 (   0 filtered)
Number of infos    :    5 (   0 filtered)

