Command line:
   alu16_tb_isim_beh.exe
     -simmode  gui
     -simrunnum  0
     -socket  59132

Sat Nov 04 22:40:32 2017


 Elaboration Time: 0.046875 sec

 Current Memory Usage: 845.885 Meg

 Total Signals          : 20
 Total Nets             : 68
 Total Signal Drivers   : 12
 Total Blocks           : 3
 Total Primitive Blocks : 2
 Total Processes        : 15
 Total Traceable Variables  : 25
 Total Scalar Nets and Variables : 203
Total Line Count : 56

 Total Simulation Time: 0.0625 sec

 Current Memory Usage: 845.885 Meg

Sat Nov 04 22:40:47 2017

