Command line:
   Register_File_tb_isim_beh.exe
     -simmode  gui
     -simrunnum  0
<<<<<<< HEAD
     -socket  65043

Tue Oct 24 14:38:31 2017


 Elaboration Time: 0.03125 sec

 Current Memory Usage: 841.88 Meg
=======
     -socket  50087

Tue Oct 24 12:10:04 2017


 Elaboration Time: 0.015625 sec

 Current Memory Usage: 846.467 Meg
>>>>>>> fde87ae4f9c56be2bba5f41b0cef693d22468594

 Total Signals          : 118
 Total Nets             : 99
 Total Signal Drivers   : 54
 Total Blocks           : 14
 Total Primitive Blocks : 12
 Total Processes        : 68
 Total Traceable Variables  : 58
 Total Scalar Nets and Variables : 391
Total Line Count : 141

 Total Simulation Time: 0.0625 sec

<<<<<<< HEAD
 Current Memory Usage: 841.88 Meg

Tue Oct 24 14:38:51 2017
=======
 Current Memory Usage: 1161.04 Meg

Tue Oct 24 12:10:59 2017
>>>>>>> fde87ae4f9c56be2bba5f41b0cef693d22468594

