Release 14.7 - xst P.20131013 (nt64)
Copyright (c) 1995-2013 Xilinx, Inc.  All rights reserved.
--> Parameter TMPDIR set to xst/projnav.tmp


Total REAL time to Xst completion: 0.00 secs
Total CPU time to Xst completion: 0.11 secs
 
--> Parameter xsthdpdir set to xst


Total REAL time to Xst completion: 0.00 secs
Total CPU time to Xst completion: 0.11 secs
 
--> Reading design: top_level_lab7.prj

TABLE OF CONTENTS
  1) Synthesis Options Summary
  2) HDL Parsing
  3) HDL Elaboration
  4) HDL Synthesis
       4.1) HDL Synthesis Report
  5) Advanced HDL Synthesis
       5.1) Advanced HDL Synthesis Report
  6) Low Level Synthesis
  7) Partition Report
  8) Design Summary
       8.1) Primitive and Black Box Usage
       8.2) Device utilization summary
       8.3) Partition Resource Summary
       8.4) Timing Report
            8.4.1) Clock Information
            8.4.2) Asynchronous Control Signals Information
            8.4.3) Timing Summary
            8.4.4) Timing Details
            8.4.5) Cross Clock Domains Report


=========================================================================
*                      Synthesis Options Summary                        *
=========================================================================
---- Source Parameters
Input File Name                    : "top_level_lab7.prj"
Ignore Synthesis Constraint File   : NO

---- Target Parameters
Output File Name                   : "top_level_lab7"
Output Format                      : NGC
Target Device                      : xc7a100t-3-csg324

---- Source Options
Top Module Name                    : top_level_lab7
Automatic FSM Extraction           : YES
FSM Encoding Algorithm             : Auto
Safe Implementation                : No
FSM Style                          : LUT
RAM Extraction                     : Yes
RAM Style                          : Auto
ROM Extraction                     : Yes
Shift Register Extraction          : YES
ROM Style                          : Auto
Resource Sharing                   : YES
Asynchronous To Synchronous        : NO
Shift Register Minimum Size        : 2
Use DSP Block                      : Auto
Automatic Register Balancing       : No

---- Target Options
LUT Combining                      : Auto
Reduce Control Sets                : Auto
Add IO Buffers                     : YES
Global Maximum Fanout              : 100000
Add Generic Clock Buffer(BUFG)     : 32
Register Duplication               : YES
Optimize Instantiated Primitives   : NO
Use Clock Enable                   : Auto
Use Synchronous Set                : Auto
Use Synchronous Reset              : Auto
Pack IO Registers into IOBs        : Auto
Equivalent register Removal        : YES

---- General Options
Optimization Goal                  : Speed
Optimization Effort                : 1
Power Reduction                    : NO
Keep Hierarchy                     : No
Netlist Hierarchy                  : As_Optimized
RTL Output                         : Yes
Global Optimization                : AllClockNets
Read Cores                         : YES
Write Timing Constraints           : NO
Cross Clock Analysis               : NO
Hierarchy Separator                : /
Bus Delimiter                      : <>
Case Specifier                     : Maintain
Slice Utilization Ratio            : 100
BRAM Utilization Ratio             : 100
DSP48 Utilization Ratio            : 100
Auto BRAM Packing                  : NO
Slice Utilization Ratio Delta      : 5

---- Other Options
Cores Search Directories           : {"ipcore_dir"  }

=========================================================================


=========================================================================
*                          HDL Parsing                                  *
=========================================================================
Analyzing Verilog file "C:\Users\Rosswell\Documents\CPU\CPU_Execution_Unit\reg16.v" into library work
Parsing module <reg16>.
Analyzing Verilog file "C:\Users\Rosswell\Documents\CPU\CPU_Execution_Unit\decoder3to8.v" into library work
Parsing module <decoder3to8>.
Analyzing Verilog file "C:\Users\Rosswell\Documents\CPU\CPU_Execution_Unit\Register_File.v" into library work
Parsing module <Register_File>.
Analyzing Verilog file "C:\Users\Rosswell\Documents\CPU\CPU_Execution_Unit\alu16.v" into library work
Parsing module <alu16>.
Analyzing Verilog file "C:\Users\Rosswell\Documents\CPU\CPU_Execution_Unit\reg16_L_Inc.v" into library work
Parsing module <reg16_L_Inc>.
Analyzing Verilog file "C:\Users\Rosswell\Documents\CPU\CPU_Execution_Unit\pixel_controller.v" into library work
Parsing module <pixel_controller>.
Analyzing Verilog file "C:\Users\Rosswell\Documents\CPU\CPU_Execution_Unit\pixel_clk.v" into library work
Parsing module <pixel_clk>.
Analyzing Verilog file "C:\Users\Rosswell\Documents\CPU\CPU_Execution_Unit\one_shot.v" into library work
Parsing module <one_shot>.
Analyzing Verilog file "C:\Users\Rosswell\Documents\CPU\CPU_Execution_Unit\ipcore_dir\ram_256x16.v" into library work
Parsing module <ram_256x16>.
Analyzing Verilog file "C:\Users\Rosswell\Documents\CPU\CPU_Execution_Unit\IDP.v" into library work
Parsing module <IDP>.
Analyzing Verilog file "C:\Users\Rosswell\Documents\CPU\CPU_Execution_Unit\hexto7segment.v" into library work
Parsing module <hexto7segment>.
Analyzing Verilog file "C:\Users\Rosswell\Documents\CPU\CPU_Execution_Unit\clk_500Hz.v" into library work
Parsing module <clk_500Hz>.
Analyzing Verilog file "C:\Users\Rosswell\Documents\CPU\CPU_Execution_Unit\ad_mux.v" into library work
Parsing module <ad_mux>.
Analyzing Verilog file "C:\Users\Rosswell\Documents\CPU\CPU_Execution_Unit\ram7.v" into library work
Parsing module <ram7>.
Analyzing Verilog file "C:\Users\Rosswell\Documents\CPU\CPU_Execution_Unit\Display_Controller.v" into library work
Parsing module <Display_Controller>.
Analyzing Verilog file "C:\Users\Rosswell\Documents\CPU\CPU_Execution_Unit\debounce.v" into library work
Parsing module <debounce>.
Analyzing Verilog file "C:\Users\Rosswell\Documents\CPU\CPU_Execution_Unit\CPU_EU.v" into library work
Parsing module <CPU_EU>.
Analyzing Verilog file "C:\Users\Rosswell\Documents\CPU\CPU_Execution_Unit\top_level_lab7.v" into library work
Parsing module <top_level_lab7>.

=========================================================================
*                            HDL Elaboration                            *
=========================================================================

Elaborating module <top_level_lab7>.

Elaborating module <debounce>.

Elaborating module <clk_500Hz>.

Elaborating module <one_shot>.
WARNING:HDLCompiler:1127 - "C:\Users\Rosswell\Documents\CPU\CPU_Execution_Unit\top_level_lab7.v" Line 32: Assignment to step_clk_out ignored, since the identifier is never used

Elaborating module <CPU_EU>.

Elaborating module <IDP>.

Elaborating module <Register_File>.

Elaborating module <decoder3to8>.

Elaborating module <reg16>.

Elaborating module <alu16>.
WARNING:HDLCompiler:413 - "C:\Users\Rosswell\Documents\CPU\CPU_Execution_Unit\alu16.v" Line 30: Result of 32-bit expression is truncated to fit in 17-bit target.
WARNING:HDLCompiler:413 - "C:\Users\Rosswell\Documents\CPU\CPU_Execution_Unit\alu16.v" Line 46: Result of 32-bit expression is truncated to fit in 17-bit target.

Elaborating module <reg16_L_Inc>.
WARNING:HDLCompiler:413 - "C:\Users\Rosswell\Documents\CPU\CPU_Execution_Unit\reg16_L_Inc.v" Line 24: Result of 17-bit expression is truncated to fit in 16-bit target.
WARNING:HDLCompiler:1127 - "C:\Users\Rosswell\Documents\CPU\CPU_Execution_Unit\CPU_EU.v" Line 44: Assignment to IR_Out ignored, since the identifier is never used
WARNING:HDLCompiler:634 - "C:\Users\Rosswell\Documents\CPU\CPU_Execution_Unit\CPU_EU.v" Line 31: Net <W_Adr[2]> does not have a driver.
WARNING:HDLCompiler:634 - "C:\Users\Rosswell\Documents\CPU\CPU_Execution_Unit\CPU_EU.v" Line 32: Net <ALU_OP[3]> does not have a driver.
WARNING:HDLCompiler:189 - "C:\Users\Rosswell\Documents\CPU\CPU_Execution_Unit\top_level_lab7.v" Line 42: Size mismatch in connection of port <D_in>. Formal port size is 16-bit while actual signal size is 1-bit.
WARNING:HDLCompiler:1127 - "C:\Users\Rosswell\Documents\CPU\CPU_Execution_Unit\top_level_lab7.v" Line 42: Assignment to Address ignored, since the identifier is never used
WARNING:HDLCompiler:25 - "C:\Users\Rosswell\Documents\CPU\CPU_Execution_Unit\ram7.v" Line 25: Module <ram_256x16> does not have a port named <clk>.
WARNING:HDLCompiler:25 - "C:\Users\Rosswell\Documents\CPU\CPU_Execution_Unit\ram7.v" Line 26: Module <ram_256x16> does not have a port named <we>.
WARNING:HDLCompiler:25 - "C:\Users\Rosswell\Documents\CPU\CPU_Execution_Unit\ram7.v" Line 27: Module <ram_256x16> does not have a port named <addr>.
WARNING:HDLCompiler:25 - "C:\Users\Rosswell\Documents\CPU\CPU_Execution_Unit\ram7.v" Line 28: Module <ram_256x16> does not have a port named <din>.
WARNING:HDLCompiler:25 - "C:\Users\Rosswell\Documents\CPU\CPU_Execution_Unit\ram7.v" Line 29: Module <ram_256x16> does not have a port named <dout>.
WARNING:HDLCompiler:1016 - "C:\Users\Rosswell\Documents\CPU\CPU_Execution_Unit\ram7.v" Line 24: Port clka is not connected to this instance

Elaborating module <ram7>.

Elaborating module <ram_256x16>.
WARNING:HDLCompiler:1499 - "C:\Users\Rosswell\Documents\CPU\CPU_Execution_Unit\ipcore_dir\ram_256x16.v" Line 39: Empty module <ram_256x16> remains a black box.
ERROR:HDLCompiler:267 - "C:\Users\Rosswell\Documents\CPU\CPU_Execution_Unit\ram7.v" Line 25: Cannot find port clk on this module
ERROR:HDLCompiler:267 - "C:\Users\Rosswell\Documents\CPU\CPU_Execution_Unit\ram7.v" Line 26: Cannot find port we on this module
ERROR:HDLCompiler:267 - "C:\Users\Rosswell\Documents\CPU\CPU_Execution_Unit\ram7.v" Line 27: Cannot find port addr on this module
ERROR:HDLCompiler:267 - "C:\Users\Rosswell\Documents\CPU\CPU_Execution_Unit\ram7.v" Line 28: Cannot find port din on this module
ERROR:HDLCompiler:267 - "C:\Users\Rosswell\Documents\CPU\CPU_Execution_Unit\ram7.v" Line 29: Cannot find port dout on this module
Module ram7 remains a blackbox, due to errors in its contents
WARNING:HDLCompiler:1499 - "C:\Users\Rosswell\Documents\CPU\CPU_Execution_Unit\ram7.v" Line 16: Empty module <ram7> remains a black box.
WARNING:HDLCompiler:189 - "C:\Users\Rosswell\Documents\CPU\CPU_Execution_Unit\top_level_lab7.v" Line 46: Size mismatch in connection of port <addr>. Formal port size is 8-bit while actual signal size is 16-bit.
WARNING:HDLCompiler:1127 - "C:\Users\Rosswell\Documents\CPU\CPU_Execution_Unit\top_level_lab7.v" Line 46: Assignment to mem_d_out ignored, since the identifier is never used

Elaborating module <Display_Controller>.

Elaborating module <pixel_clk>.

Elaborating module <pixel_controller>.

Elaborating module <ad_mux>.

Elaborating module <hexto7segment>.
WARNING:HDLCompiler:634 - "C:\Users\Rosswell\Documents\CPU\CPU_Execution_Unit\top_level_lab7.v" Line 28: Net <eu_d_out[15]> does not have a driver.
WARNING:HDLCompiler:634 - "C:\Users\Rosswell\Documents\CPU\CPU_Execution_Unit\top_level_lab7.v" Line 29: Net <mem_w_en_out> does not have a driver.
WARNING:HDLCompiler:634 - "C:\Users\Rosswell\Documents\CPU\CPU_Execution_Unit\top_level_lab7.v" Line 42: Net <D_in> does not have a driver.
--> 

Total memory usage is 273360 kilobytes

Number of errors   :    5 (   0 filtered)
Number of warnings :   22 (   0 filtered)
Number of infos    :    0 (   0 filtered)

